Using pre-set license
Built from '2020.3/staging' branch; Version is '2020.3.25f1 (9b9180224418) revision 10195328'; Using compiler version '192528614'; Build Type 'Release'
OS: 'Windows 10  (10.0.19044) 64bit CoreSingleLanguage' Language: 'en' Physical Memory: 15791 MB
BatchMode: 1, IsHumanControllingUs: 0, StartBugReporterOnCrash: 0, Is64bit: 1, IsPro: 0

COMMAND LINE ARGUMENTS:
C:\Program Files\Unity\Hub\Editor\2020.3.25f1\Editor\Unity.exe
-adb2
-batchMode
-noUpm
-name
AssetImportWorker0
-projectPath
E:/JAM/SeaDoctor/SeaDoctor_MobileGame/SeaDoctor
-logFile
Logs/AssetImportWorker0.log
-srvPort
64903
Successfully changed project path to: E:/JAM/SeaDoctor/SeaDoctor_MobileGame/SeaDoctor
E:/JAM/SeaDoctor/SeaDoctor_MobileGame/SeaDoctor
Using Asset Import Pipeline V2.
Refreshing native plugins compatible for Editor in 35.05 ms, found 2 plugins.
Preloading 0 native plugins for Editor in 0.00 ms.
Initialize engine version: 2020.3.25f1 (9b9180224418)
[Subsystems] Discovering subsystems at path C:/Program Files/Unity/Hub/Editor/2020.3.25f1/Editor/Data/Resources/UnitySubsystems
[Subsystems] Discovering subsystems at path E:/JAM/SeaDoctor/SeaDoctor_MobileGame/SeaDoctor/Assets
GfxDevice: creating device client; threaded=0
Direct3D:
    Version:  Direct3D 11.0 [level 11.1]
    Renderer: NVIDIA GeForce GTX 1650 (ID=0x1f99)
    Vendor:   
    VRAM:     3962 MB
    Driver:   31.0.15.1659
Initialize mono
Mono path[0] = 'C:/Program Files/Unity/Hub/Editor/2020.3.25f1/Editor/Data/Managed'
Mono path[1] = 'C:/Program Files/Unity/Hub/Editor/2020.3.25f1/Editor/Data/MonoBleedingEdge/lib/mono/unityjit'
Mono config path = 'C:/Program Files/Unity/Hub/Editor/2020.3.25f1/Editor/Data/MonoBleedingEdge/etc'
Using monoOptions --debugger-agent=transport=dt_socket,embedding=1,server=y,suspend=n,address=127.0.0.1:56332
Begin MonoManager ReloadAssembly
Registering precompiled unity dll's ...
Register platform support module: C:/Program Files/Unity/Hub/Editor/2020.3.25f1/Editor/Data/PlaybackEngines/WebGLSupport/UnityEditor.WebGL.Extensions.dll
Register platform support module: C:/Program Files/Unity/Hub/Editor/2020.3.25f1/Editor/Data/PlaybackEngines/WindowsStandaloneSupport/UnityEditor.WindowsStandalone.Extensions.dll
Registered in 0.002599 seconds.
Native extension for WindowsStandalone target not found
Native extension for WebGL target not found
Refreshing native plugins compatible for Editor in 33.45 ms, found 2 plugins.
Preloading 0 native plugins for Editor in 0.00 ms.
Mono: successfully reloaded assembly
- Completed reload, in  0.563 seconds
Domain Reload Profiling:
	ReloadAssembly (563ms)
		BeginReloadAssembly (53ms)
			ExecutionOrderSort (0ms)
			DisableScriptedObjects (0ms)
			BackupInstance (0ms)
			ReleaseScriptingObjects (0ms)
			CreateAndSetChildDomain (1ms)
		EndReloadAssembly (437ms)
			LoadAssemblies (51ms)
			RebuildTransferFunctionScriptingTraits (0ms)
			SetupTypeCache (140ms)
			ReleaseScriptCaches (0ms)
			RebuildScriptCaches (30ms)
			SetupLoadedEditorAssemblies (164ms)
				LogAssemblyErrors (0ms)
				InitializePlatformSupportModulesInManaged (5ms)
				SetLoadedEditorAssemblies (0ms)
				RefreshPlugins (34ms)
				BeforeProcessingInitializeOnLoad (13ms)
				ProcessInitializeOnLoadAttributes (82ms)
				ProcessInitializeOnLoadMethodAttributes (29ms)
				AfterProcessingInitializeOnLoad (0ms)
				EditorAssembliesLoaded (0ms)
			ExecutionOrderSort2 (0ms)
			AwakeInstancesAfterBackupRestoration (0ms)
Platform modules already initialized, skipping
Registering precompiled user dll's ...
Registered in 0.002999 seconds.
Begin MonoManager ReloadAssembly
Native extension for WindowsStandalone target not found
Native extension for WebGL target not found
Refreshing native plugins compatible for Editor in 0.47 ms, found 2 plugins.
Preloading 0 native plugins for Editor in 0.00 ms.
Mono: successfully reloaded assembly
- Completed reload, in  0.951 seconds
Domain Reload Profiling:
	ReloadAssembly (952ms)
		BeginReloadAssembly (133ms)
			ExecutionOrderSort (0ms)
			DisableScriptedObjects (4ms)
			BackupInstance (0ms)
			ReleaseScriptingObjects (0ms)
			CreateAndSetChildDomain (18ms)
		EndReloadAssembly (756ms)
			LoadAssemblies (79ms)
			RebuildTransferFunctionScriptingTraits (0ms)
			SetupTypeCache (263ms)
			ReleaseScriptCaches (0ms)
			RebuildScriptCaches (40ms)
			SetupLoadedEditorAssemblies (288ms)
				LogAssemblyErrors (0ms)
				InitializePlatformSupportModulesInManaged (5ms)
				SetLoadedEditorAssemblies (0ms)
				RefreshPlugins (1ms)
				BeforeProcessingInitializeOnLoad (86ms)
				ProcessInitializeOnLoadAttributes (180ms)
				ProcessInitializeOnLoadMethodAttributes (8ms)
				AfterProcessingInitializeOnLoad (7ms)
				EditorAssembliesLoaded (0ms)
			ExecutionOrderSort2 (0ms)
			AwakeInstancesAfterBackupRestoration (6ms)
Platform modules already initialized, skipping
========================================================================
Worker process is ready to serve import requests
Launched and connected shader compiler UnityShaderCompiler.exe after 0.05 seconds
Refreshing native plugins compatible for Editor in 0.47 ms, found 2 plugins.
Preloading 0 native plugins for Editor in 0.00 ms.
Unloading 1603 Unused Serialized files (Serialized files now loaded: 0)
System memory in use before: 71.4 MB.
System memory in use after: 71.5 MB.

Unloading 32 unused Assets to reduce memory usage. Loaded Objects now: 2021.
Total: 2.851900 ms (FindLiveObjects: 0.193300 ms CreateObjectMapping: 0.034400 ms MarkObjects: 2.555800 ms  DeleteObjects: 0.066500 ms)

AssetImportParameters requested are different than current active one (requested -> active):
  custom:framework-win-MediaFoundation: 216162199b28c13a410421893ffa2e32 -> 
  custom:video-decoder-ogg-theora: a1e56fd34408186e4bbccfd4996cb3dc -> 
  custom:container-muxer-webm: aa71ff27fc2769a1b78a27578f13a17b -> 
  custom:container-demuxer-webm: 4f35f7cbe854078d1ac9338744f61a02 -> 
  custom:container-demuxer-ogg: 62fdf1f143b41e24485cea50d1cbac27 -> 
  custom:video-encoder-webm-vp8: eb34c28f22e8b96e1ab97ce403110664 -> 
  custom:video-codec-MediaFoundation-h265: 746d11721c4dcdbdad8f713fa42b33f4 -> 
  custom:video-decoder-webm-vp8: 9c59270c3fd7afecdb556c50c9e8de78 -> 
  custom:audio-decoder-ogg-vorbis: bf7c407c2cedff20999df2af8eb42d56 -> 
  custom:audio-encoder-webm-vorbis: bf7c407c2cedff20999df2af8eb42d56 -> 
========================================================================
Received Import Request.
  path: Assets/Models/solar_cell.fbx
  artifactKey: Guid(a45b521fd75e98847b6375a930940ef4) Importer(815301076,1909f56bfc062723c751e8b465ee728b)
Start importing Assets/Models/solar_cell.fbx using Guid(a45b521fd75e98847b6375a930940ef4) Importer(815301076,1909f56bfc062723c751e8b465ee728b)  -> (artifact id: '07de861412172b83b5b495884406a85b') in 0.160682 seconds 
  Import took 0.163539 seconds .

========================================================================
Received Import Request.
  Time since last request: 0.000278 seconds.
  path: Assets/Models/solar_cell_2.fbx
  artifactKey: Guid(616f911c43c11db4298e177b0248eefa) Importer(815301076,1909f56bfc062723c751e8b465ee728b)
Start importing Assets/Models/solar_cell_2.fbx using Guid(616f911c43c11db4298e177b0248eefa) Importer(815301076,1909f56bfc062723c751e8b465ee728b)  -> (artifact id: '6b787ed464424a6fcca0c2da1321a73f') in 0.036408 seconds 
  Import took 0.038989 seconds .

========================================================================
Received Import Request.
  Time since last request: 75.054611 seconds.
  path: Assets/Models/solar_cell.fbx
  artifactKey: Guid(a45b521fd75e98847b6375a930940ef4) Importer(815301076,1909f56bfc062723c751e8b465ee728b)
Start importing Assets/Models/solar_cell.fbx using Guid(a45b521fd75e98847b6375a930940ef4) Importer(815301076,1909f56bfc062723c751e8b465ee728b)  -> (artifact id: '3e7e5b9c3f80cc439a5d34a6bd3534d5') in 0.035407 seconds 
  Import took 0.038306 seconds .

========================================================================
Received Import Request.
  Time since last request: 30.188816 seconds.
  path: Assets/Models/solar_cell.fbx
  artifactKey: Guid(a45b521fd75e98847b6375a930940ef4) Importer(815301076,1909f56bfc062723c751e8b465ee728b)
Start importing Assets/Models/solar_cell.fbx using Guid(a45b521fd75e98847b6375a930940ef4) Importer(815301076,1909f56bfc062723c751e8b465ee728b)  -> (artifact id: '72bc6f243e98be606ac1fe54b6b37fbd') in 0.025456 seconds 
  Import took 0.028423 seconds .

========================================================================
Received Import Request.
  Time since last request: 26.422955 seconds.
  path: Assets/Models/solar_cell.fbx
  artifactKey: Guid(a45b521fd75e98847b6375a930940ef4) Importer(815301076,1909f56bfc062723c751e8b465ee728b)
Start importing Assets/Models/solar_cell.fbx using Guid(a45b521fd75e98847b6375a930940ef4) Importer(815301076,1909f56bfc062723c751e8b465ee728b)  -> (artifact id: 'c01a8c299597274abfe8e8ca3c53bb28') in 0.027893 seconds 
  Import took 0.031232 seconds .

========================================================================
Received Import Request.
  Time since last request: 32.628292 seconds.
  path: Assets/Models/solar_cell.fbx
  artifactKey: Guid(a45b521fd75e98847b6375a930940ef4) Importer(815301076,1909f56bfc062723c751e8b465ee728b)
Start importing Assets/Models/solar_cell.fbx using Guid(a45b521fd75e98847b6375a930940ef4) Importer(815301076,1909f56bfc062723c751e8b465ee728b)  -> (artifact id: '3a4ea687ec4738289c82aa3e2a63d58f') in 0.022624 seconds 
  Import took 0.025879 seconds .

========================================================================
Received Import Request.
  Time since last request: 0.000206 seconds.
  path: Assets/Models/Material.003.mat
  artifactKey: Guid(53520a7ef2c06b64bad95348e06da5e1) Importer(815301076,1909f56bfc062723c751e8b465ee728b)
Start importing Assets/Models/Material.003.mat using Guid(53520a7ef2c06b64bad95348e06da5e1) Importer(815301076,1909f56bfc062723c751e8b465ee728b)  -> (artifact id: '6ed031c92c95b9fad6b3e603818c6c1f') in 0.017612 seconds 
  Import took 0.020509 seconds .

========================================================================
Received Import Request.
  Time since last request: 0.000212 seconds.
  path: Assets/Models/Material.002.mat
  artifactKey: Guid(d9c4fcd2f20e4d744949708951229c84) Importer(815301076,1909f56bfc062723c751e8b465ee728b)
Start importing Assets/Models/Material.002.mat using Guid(d9c4fcd2f20e4d744949708951229c84) Importer(815301076,1909f56bfc062723c751e8b465ee728b)  -> (artifact id: '8d45c2e006c7fe6e6626e3dc3212798e') in 0.043721 seconds 
  Import took 0.047130 seconds .

========================================================================
Received Import Request.
  Time since last request: 43.485295 seconds.
  path: Assets/Models/solar_cell.fbx
  artifactKey: Guid(a45b521fd75e98847b6375a930940ef4) Importer(815301076,1909f56bfc062723c751e8b465ee728b)
Start importing Assets/Models/solar_cell.fbx using Guid(a45b521fd75e98847b6375a930940ef4) Importer(815301076,1909f56bfc062723c751e8b465ee728b)  -> (artifact id: 'de517b54c02cfebc7ba4f68b87fe5a69') in 0.026935 seconds 
  Import took 0.030446 seconds .

========================================================================
Received Import Request.
  Time since last request: 180.863592 seconds.
  path: Assets/Models/solar_cell.fbx
  artifactKey: Guid(a45b521fd75e98847b6375a930940ef4) Importer(815301076,1909f56bfc062723c751e8b465ee728b)
Start importing Assets/Models/solar_cell.fbx using Guid(a45b521fd75e98847b6375a930940ef4) Importer(815301076,1909f56bfc062723c751e8b465ee728b)  -> (artifact id: 'cdaf0ec421ebddafea1c6c506fd816ff') in 0.044346 seconds 
  Import took 0.050044 seconds .

========================================================================
Received Import Request.
  Time since last request: 754.498891 seconds.
  path: Assets/Models/solar_cell.fbx
  artifactKey: Guid(a45b521fd75e98847b6375a930940ef4) Importer(815301076,1909f56bfc062723c751e8b465ee728b)
Start importing Assets/Models/solar_cell.fbx using Guid(a45b521fd75e98847b6375a930940ef4) Importer(815301076,1909f56bfc062723c751e8b465ee728b)  -> (artifact id: 'ad7f981c8f775c0aba657a8b4ff9222f') in 0.028775 seconds 
  Import took 0.032893 seconds .

========================================================================
Received Import Request.
  Time since last request: 26.882467 seconds.
  path: Assets/Models/solar_cell.fbx
  artifactKey: Guid(a45b521fd75e98847b6375a930940ef4) Importer(815301076,1909f56bfc062723c751e8b465ee728b)
Start importing Assets/Models/solar_cell.fbx using Guid(a45b521fd75e98847b6375a930940ef4) Importer(815301076,1909f56bfc062723c751e8b465ee728b)  -> (artifact id: '611ad124d7c28dec92164b173b5eea1e') in 0.036462 seconds 
  Import took 0.040060 seconds .

========================================================================
Received Import Request.
  Time since last request: 195.116718 seconds.
  path: Assets/Models/solarcell.obj
  artifactKey: Guid(584da6e474837b7439c0763df58bfd23) Importer(815301076,1909f56bfc062723c751e8b465ee728b)
Start importing Assets/Models/solarcell.obj using Guid(584da6e474837b7439c0763df58bfd23) Importer(815301076,1909f56bfc062723c751e8b465ee728b)  -> (artifact id: '07670593b808ceae73eb2a578be7e063') in 0.052810 seconds 
  Import took 0.056199 seconds .

========================================================================
Received Import Request.
  Time since last request: 1.190928 seconds.
  path: Assets/Models/solarcell.mtl
  artifactKey: Guid(9ba2f9849abf6c84b974701026cebebd) Importer(815301076,1909f56bfc062723c751e8b465ee728b)
Start importing Assets/Models/solarcell.mtl using Guid(9ba2f9849abf6c84b974701026cebebd) Importer(815301076,1909f56bfc062723c751e8b465ee728b)  -> (artifact id: 'e0af9b7c31132b05a263e2fbea245438') in 0.004261 seconds 
  Import took 0.007276 seconds .

========================================================================
Received Import Request.
  Time since last request: 229.764681 seconds.
  path: Assets/Models/solar_cell.fbx
  artifactKey: Guid(a45b521fd75e98847b6375a930940ef4) Importer(815301076,1909f56bfc062723c751e8b465ee728b)
Start importing Assets/Models/solar_cell.fbx using Guid(a45b521fd75e98847b6375a930940ef4) Importer(815301076,1909f56bfc062723c751e8b465ee728b)  -> (artifact id: '5f2a1e635f470afc068a4a309d34936c') in 0.028534 seconds 
  Import took 0.031641 seconds .

========================================================================
Received Import Request.
  Time since last request: 333.007881 seconds.
  path: Assets/Models/solar_cell.fbx
  artifactKey: Guid(a45b521fd75e98847b6375a930940ef4) Importer(815301076,1909f56bfc062723c751e8b465ee728b)
Start importing Assets/Models/solar_cell.fbx using Guid(a45b521fd75e98847b6375a930940ef4) Importer(815301076,1909f56bfc062723c751e8b465ee728b)  -> (artifact id: '517fa01dda24ff87c50b6e06e0e9bc4f') in 0.028934 seconds 
  Import took 0.032286 seconds .

========================================================================
Received Import Request.
  Time since last request: 505.206408 seconds.
  path: Assets/Models/solar_cell.fbx
  artifactKey: Guid(a45b521fd75e98847b6375a930940ef4) Importer(815301076,1909f56bfc062723c751e8b465ee728b)
Start importing Assets/Models/solar_cell.fbx using Guid(a45b521fd75e98847b6375a930940ef4) Importer(815301076,1909f56bfc062723c751e8b465ee728b)  -> (artifact id: '6b3ba45a97a8ef206ace8da85b2b0085') in 0.025735 seconds 
  Import took 0.028747 seconds .

========================================================================
Received Import Request.
  Time since last request: 1082.106987 seconds.
  path: Assets/Models/sol111111a1r_cell.fbx
  artifactKey: Guid(7441335908dc21d4a909f2cf70ac7821) Importer(815301076,1909f56bfc062723c751e8b465ee728b)
Start importing Assets/Models/sol111111a1r_cell.fbx using Guid(7441335908dc21d4a909f2cf70ac7821) Importer(815301076,1909f56bfc062723c751e8b465ee728b)  -> (artifact id: '43ba5d628baf70dc4c1276932294c9bf') in 0.039956 seconds 
  Import took 0.044143 seconds .

========================================================================
Received Import Request.
  Time since last request: 0.000250 seconds.
  path: Assets/Models/sola1r_cell.fbx
  artifactKey: Guid(92544267c95d2ac4bb238c05f6a0f293) Importer(815301076,1909f56bfc062723c751e8b465ee728b)
Start importing Assets/Models/sola1r_cell.fbx using Guid(92544267c95d2ac4bb238c05f6a0f293) Importer(815301076,1909f56bfc062723c751e8b465ee728b)  -> (artifact id: '7c202be71f61d4eec89f400e6955343a') in 0.025692 seconds 
  Import took 0.029006 seconds .

========================================================================
Received Import Request.
  Time since last request: 22.316040 seconds.
  path: Assets/Models/Lighthouse/lighthouse.mat
  artifactKey: Guid(e5f30c08a6e38434bb52348aeb94dc2d) Importer(815301076,1909f56bfc062723c751e8b465ee728b)
Start importing Assets/Models/Lighthouse/lighthouse.mat using Guid(e5f30c08a6e38434bb52348aeb94dc2d) Importer(815301076,1909f56bfc062723c751e8b465ee728b)  -> (artifact id: 'c556a73d935066264ef7505c09104749') in 0.016012 seconds 
  Import took 0.019647 seconds .

========================================================================
Received Import Request.
  Time since last request: 0.000199 seconds.
  path: Assets/Models/Tuabin/tuabin.fbx
  artifactKey: Guid(2e5fa50fc40931943815397181aef8dd) Importer(815301076,1909f56bfc062723c751e8b465ee728b)
Start importing Assets/Models/Tuabin/tuabin.fbx using Guid(2e5fa50fc40931943815397181aef8dd) Importer(815301076,1909f56bfc062723c751e8b465ee728b)  -> (artifact id: '8068d265efb3138bac9a4033d7745cf7') in 0.049788 seconds 
  Import took 0.053831 seconds .

========================================================================
Received Import Request.
  Time since last request: 0.000176 seconds.
  path: Assets/Models/Radar/radar.fbx
  artifactKey: Guid(a9d4971549f29164c845fa80fabde33d) Importer(815301076,1909f56bfc062723c751e8b465ee728b)
Start importing Assets/Models/Radar/radar.fbx using Guid(a9d4971549f29164c845fa80fabde33d) Importer(815301076,1909f56bfc062723c751e8b465ee728b)  -> (artifact id: 'b5e33185200e717d28a9bf4a9b21e8f1') in 0.044322 seconds 
  Import took 0.047394 seconds .

========================================================================
Received Import Request.
  Time since last request: 0.000212 seconds.
  path: Assets/Models/DirtBlock/dirtBlock.fbx
  artifactKey: Guid(d1df5ca859eb1f84b9f8747905f45c68) Importer(815301076,1909f56bfc062723c751e8b465ee728b)
Start importing Assets/Models/DirtBlock/dirtBlock.fbx using Guid(d1df5ca859eb1f84b9f8747905f45c68) Importer(815301076,1909f56bfc062723c751e8b465ee728b)  -> (artifact id: 'b3de7ce39f0a0dab37040900215ac585') in 0.023360 seconds 
  Import took 0.027193 seconds .

========================================================================
Received Import Request.
  Time since last request: 0.000193 seconds.
  path: Assets/Models/tree2/tree1.fbx
  artifactKey: Guid(7e5595d6277b62c4ebfca4eaa55faa91) Importer(815301076,1909f56bfc062723c751e8b465ee728b)
Start importing Assets/Models/tree2/tree1.fbx using Guid(7e5595d6277b62c4ebfca4eaa55faa91) Importer(815301076,1909f56bfc062723c751e8b465ee728b)  -> (artifact id: 'ad288f8fa6f9527bd6c1d00e882cab4b') in 0.028672 seconds 
  Import took 0.031949 seconds .

========================================================================
Received Import Request.
  Time since last request: 0.000231 seconds.
  path: Assets/Models/Turtle/turtle.fbx
  artifactKey: Guid(59c01809e3a466949b1f81329a0f4aa1) Importer(815301076,1909f56bfc062723c751e8b465ee728b)
Start importing Assets/Models/Turtle/turtle.fbx using Guid(59c01809e3a466949b1f81329a0f4aa1) Importer(815301076,1909f56bfc062723c751e8b465ee728b)  -> (artifact id: '9f845ef1ef87c6057d5046a2b115daec') in 0.025673 seconds 
  Import took 0.029714 seconds .

========================================================================
Received Import Request.
  Time since last request: 11.151134 seconds.
  path: Assets/Models/sol111111a1r_cell.fbx
  artifactKey: Guid(7441335908dc21d4a909f2cf70ac7821) Importer(815301076,1909f56bfc062723c751e8b465ee728b)
Start importing Assets/Models/sol111111a1r_cell.fbx using Guid(7441335908dc21d4a909f2cf70ac7821) Importer(815301076,1909f56bfc062723c751e8b465ee728b)  -> (artifact id: '341dcdfb76548760a70e6595113c36d7') in 0.019464 seconds 
  Import took 0.023616 seconds .

========================================================================
Received Import Request.
  Time since last request: 10.323877 seconds.
  path: Assets/Models/Radar/radar.png
  artifactKey: Guid(0e41bcdd4b879e54fab74a3fad3989e6) Importer(815301076,1909f56bfc062723c751e8b465ee728b)
Start importing Assets/Models/Radar/radar.png using Guid(0e41bcdd4b879e54fab74a3fad3989e6) Importer(815301076,1909f56bfc062723c751e8b465ee728b)  -> (artifact id: 'a34897a38919c282b460b598ef2cd549') in 0.047588 seconds 
  Import took 0.050899 seconds .

========================================================================
Received Import Request.
  Time since last request: 0.000190 seconds.
  path: Assets/Models/Tuabin/Untitled.png
  artifactKey: Guid(f6d604843a304fd43bb1ffc84d623e86) Importer(815301076,1909f56bfc062723c751e8b465ee728b)
Start importing Assets/Models/Tuabin/Untitled.png using Guid(f6d604843a304fd43bb1ffc84d623e86) Importer(815301076,1909f56bfc062723c751e8b465ee728b)  -> (artifact id: 'ddabb75958eb417426a28dbf807b8ff4') in 0.011853 seconds 
  Import took 0.015216 seconds .

========================================================================
Received Import Request.
  Time since last request: 0.000251 seconds.
  path: Assets/Models/tree2/tex.png
  artifactKey: Guid(abcda72ee1ec13a4d926df0156583f23) Importer(815301076,1909f56bfc062723c751e8b465ee728b)
Start importing Assets/Models/tree2/tex.png using Guid(abcda72ee1ec13a4d926df0156583f23) Importer(815301076,1909f56bfc062723c751e8b465ee728b)  -> (artifact id: '433707bab28f5884fa6d34c47a1f3b86') in 0.010269 seconds 
  Import took 0.013654 seconds .

========================================================================
Received Import Request.
  Time since last request: 0.000210 seconds.
  path: Assets/Models/DirtBlock/tex.png
  artifactKey: Guid(585d6829a5bf50c47bcdf89f5d5f370c) Importer(815301076,1909f56bfc062723c751e8b465ee728b)
Start importing Assets/Models/DirtBlock/tex.png using Guid(585d6829a5bf50c47bcdf89f5d5f370c) Importer(815301076,1909f56bfc062723c751e8b465ee728b)  -> (artifact id: '8e0dac5fa649517e96616519b50c762e') in 0.012481 seconds 
  Import took 0.015328 seconds .

========================================================================
Received Import Request.
  Time since last request: 0.000352 seconds.
  path: Assets/Models/Turtle/tex.png
  artifactKey: Guid(8434c3cf5aa9e1447897d4cc8d0e41db) Importer(815301076,1909f56bfc062723c751e8b465ee728b)
Start importing Assets/Models/Turtle/tex.png using Guid(8434c3cf5aa9e1447897d4cc8d0e41db) Importer(815301076,1909f56bfc062723c751e8b465ee728b)  -> (artifact id: '2092f907bb874032faabbe49c10ec88f') in 0.009703 seconds 
  Import took 0.012832 seconds .

========================================================================
Received Import Request.
  Time since last request: 1261.747160 seconds.
  path: Assets/Models/bake.001.png
  artifactKey: Guid(74f8b7e998082b647a738436fd278b45) Importer(815301076,1909f56bfc062723c751e8b465ee728b)
Start importing Assets/Models/bake.001.png using Guid(74f8b7e998082b647a738436fd278b45) Importer(815301076,1909f56bfc062723c751e8b465ee728b)  -> (artifact id: '6e023ed4a00b98c243bad664b4f3876b') in 0.046294 seconds 
  Import took 0.050325 seconds .

========================================================================
Received Import Request.
  Time since last request: 0.000197 seconds.
  path: Assets/Models/solar_cell.fbx
  artifactKey: Guid(a45b521fd75e98847b6375a930940ef4) Importer(815301076,1909f56bfc062723c751e8b465ee728b)
Start importing Assets/Models/solar_cell.fbx using Guid(a45b521fd75e98847b6375a930940ef4) Importer(815301076,1909f56bfc062723c751e8b465ee728b)  -> (artifact id: 'e4aaba62122b3f5f037b0818408e192a') in 0.203733 seconds 
  Import took 0.206725 seconds .

========================================================================
Received Import Request.
  Time since last request: 11.957145 seconds.
  path: Assets/Models/bake.001.png
  artifactKey: Guid(74f8b7e998082b647a738436fd278b45) Importer(815301076,1909f56bfc062723c751e8b465ee728b)
Start importing Assets/Models/bake.001.png using Guid(74f8b7e998082b647a738436fd278b45) Importer(815301076,1909f56bfc062723c751e8b465ee728b)  -> (artifact id: 'd5a5dfdb2b1dc7f83f192be84e5c9d2d') in 0.021446 seconds 
  Import took 0.025030 seconds .

========================================================================
Received Import Request.
  Time since last request: 21.374696 seconds.
  path: Assets/Models/Material.002.mat
  artifactKey: Guid(d9c4fcd2f20e4d744949708951229c84) Importer(815301076,1909f56bfc062723c751e8b465ee728b)
Start importing Assets/Models/Material.002.mat using Guid(d9c4fcd2f20e4d744949708951229c84) Importer(815301076,1909f56bfc062723c751e8b465ee728b)  -> (artifact id: '1be67ae992a35141f44c199cb04b91cb') in 0.013803 seconds 
  Import took 0.018207 seconds .

========================================================================
Received Import Request.
  Time since last request: 0.000218 seconds.
  path: Assets/Models/solar_cell.fbx
  artifactKey: Guid(a45b521fd75e98847b6375a930940ef4) Importer(815301076,1909f56bfc062723c751e8b465ee728b)
Start importing Assets/Models/solar_cell.fbx using Guid(a45b521fd75e98847b6375a930940ef4) Importer(815301076,1909f56bfc062723c751e8b465ee728b)  -> (artifact id: '0a96ae32ce74b1441ae205a4c3d3408d') in 0.036644 seconds 
  Import took 0.039773 seconds .

========================================================================
Received Import Request.
  Time since last request: 124.782247 seconds.
  path: Assets/Models/bake.001.png
  artifactKey: Guid(74f8b7e998082b647a738436fd278b45) Importer(815301076,1909f56bfc062723c751e8b465ee728b)
Start importing Assets/Models/bake.001.png using Guid(74f8b7e998082b647a738436fd278b45) Importer(815301076,1909f56bfc062723c751e8b465ee728b)  -> (artifact id: 'e303e446bcad781f4a99a966e4259a91') in 0.028233 seconds 
  Import took 0.031654 seconds .

========================================================================
Received Import Request.
  Time since last request: 25.805401 seconds.
  path: Assets/Models/bake.001.png
  artifactKey: Guid(74f8b7e998082b647a738436fd278b45) Importer(815301076,1909f56bfc062723c751e8b465ee728b)
Start importing Assets/Models/bake.001.png using Guid(74f8b7e998082b647a738436fd278b45) Importer(815301076,1909f56bfc062723c751e8b465ee728b)  -> (artifact id: 'ddf027f5a6b2aaf841ebef0b8669beab') in 0.025838 seconds 
  Import took 0.028642 seconds .

========================================================================
Received Import Request.
  Time since last request: 6.721613 seconds.
  path: Assets/Models/bake.001.png
  artifactKey: Guid(74f8b7e998082b647a738436fd278b45) Importer(815301076,1909f56bfc062723c751e8b465ee728b)
Start importing Assets/Models/bake.001.png using Guid(74f8b7e998082b647a738436fd278b45) Importer(815301076,1909f56bfc062723c751e8b465ee728b)  -> (artifact id: '685d2911ce6f888bfedb37fb00bf0084') in 0.020492 seconds 
  Import took 0.023131 seconds .

========================================================================
Received Import Request.
  Time since last request: 8.644968 seconds.
  path: Assets/Models/bake.001.png
  artifactKey: Guid(74f8b7e998082b647a738436fd278b45) Importer(815301076,1909f56bfc062723c751e8b465ee728b)
Start importing Assets/Models/bake.001.png using Guid(74f8b7e998082b647a738436fd278b45) Importer(815301076,1909f56bfc062723c751e8b465ee728b)  -> (artifact id: '022ea80d1ef805ccb2a38933cab9d746') in 0.009867 seconds 
  Import took 0.012486 seconds .

========================================================================
Received Import Request.
  Time since last request: 2.581827 seconds.
  path: Assets/Models/bake.001.png
  artifactKey: Guid(74f8b7e998082b647a738436fd278b45) Importer(815301076,1909f56bfc062723c751e8b465ee728b)
Start importing Assets/Models/bake.001.png using Guid(74f8b7e998082b647a738436fd278b45) Importer(815301076,1909f56bfc062723c751e8b465ee728b)  -> (artifact id: '89053a7074a18bcb65eb514dbf570f98') in 0.014448 seconds 
  Import took 0.017852 seconds .

========================================================================
Received Prepare
Registering precompiled user dll's ...
Registered in 0.002796 seconds.
Begin MonoManager ReloadAssembly
Native extension for WindowsStandalone target not found
Native extension for WebGL target not found
Refreshing native plugins compatible for Editor in 0.66 ms, found 2 plugins.
Preloading 0 native plugins for Editor in 0.00 ms.
Mono: successfully reloaded assembly
- Completed reload, in  1.113 seconds
Domain Reload Profiling:
	ReloadAssembly (1116ms)
		BeginReloadAssembly (202ms)
			ExecutionOrderSort (0ms)
			DisableScriptedObjects (12ms)
			BackupInstance (0ms)
			ReleaseScriptingObjects (0ms)
			CreateAndSetChildDomain (85ms)
		EndReloadAssembly (841ms)
			LoadAssemblies (98ms)
			RebuildTransferFunctionScriptingTraits (0ms)
			SetupTypeCache (297ms)
			ReleaseScriptCaches (1ms)
			RebuildScriptCaches (39ms)
			SetupLoadedEditorAssemblies (305ms)
				LogAssemblyErrors (0ms)
				InitializePlatformSupportModulesInManaged (6ms)
				SetLoadedEditorAssemblies (1ms)
				RefreshPlugins (1ms)
				BeforeProcessingInitializeOnLoad (94ms)
				ProcessInitializeOnLoadAttributes (186ms)
				ProcessInitializeOnLoadMethodAttributes (9ms)
				AfterProcessingInitializeOnLoad (7ms)
				EditorAssembliesLoaded (0ms)
			ExecutionOrderSort2 (0ms)
			AwakeInstancesAfterBackupRestoration (7ms)
Platform modules already initialized, skipping
Switching build target platform(19) subTarget(0) extendedPlatform(0) -> platform(13) subTarget(537395200) extendedPlatform(0)
Refreshing native plugins compatible for Editor in 0.53 ms, found 2 plugins.
Preloading 0 native plugins for Editor in 0.00 ms.
Unloading 1600 Unused Serialized files (Serialized files now loaded: 0)
System memory in use before: 74.8 MB.
System memory in use after: 74.9 MB.

Unloading 27 unused Assets to reduce memory usage. Loaded Objects now: 2070.
Total: 3.751200 ms (FindLiveObjects: 0.284000 ms CreateObjectMapping: 0.084700 ms MarkObjects: 3.352500 ms  DeleteObjects: 0.028000 ms)

AssetImportParameters requested are different than current active one (requested -> active):
  custom:framework-win-MediaFoundation: 216162199b28c13a410421893ffa2e32 -> 
  custom:video-decoder-ogg-theora: a1e56fd34408186e4bbccfd4996cb3dc -> 
  custom:container-muxer-webm: aa71ff27fc2769a1b78a27578f13a17b -> 
  custom:container-demuxer-webm: 4f35f7cbe854078d1ac9338744f61a02 -> 
  custom:container-demuxer-ogg: 62fdf1f143b41e24485cea50d1cbac27 -> 
  custom:video-encoder-webm-vp8: eb34c28f22e8b96e1ab97ce403110664 -> 
  custom:video-codec-MediaFoundation-h265: 746d11721c4dcdbdad8f713fa42b33f4 -> 
  custom:video-decoder-webm-vp8: 9c59270c3fd7afecdb556c50c9e8de78 -> 
  custom:graphics/normal-map-encoding: 01000000000000000000000000000000 -> 02000000000000000000000000000000
  custom:audio-decoder-ogg-vorbis: bf7c407c2cedff20999df2af8eb42d56 -> 
  custom:audio-encoder-webm-vorbis: bf7c407c2cedff20999df2af8eb42d56 -> 
========================================================================
Received Import Request.
  Time since last request: 27.220967 seconds.
  path: Assets/Models/bake.001.png
  artifactKey: Guid(74f8b7e998082b647a738436fd278b45) Importer(815301076,1909f56bfc062723c751e8b465ee728b)
Start importing Assets/Models/bake.001.png using Guid(74f8b7e998082b647a738436fd278b45) Importer(815301076,1909f56bfc062723c751e8b465ee728b)  -> (artifact id: '65aeb1c4ba8e5f3a0d4e372cb8044e9b') in 0.041286 seconds 
  Import took 0.045177 seconds .

========================================================================
Received Import Request.
  Time since last request: 24.667276 seconds.
  path: Assets/Models/bake.001.png
  artifactKey: Guid(74f8b7e998082b647a738436fd278b45) Importer(815301076,1909f56bfc062723c751e8b465ee728b)
Start importing Assets/Models/bake.001.png using Guid(74f8b7e998082b647a738436fd278b45) Importer(815301076,1909f56bfc062723c751e8b465ee728b)  -> (artifact id: 'ef2b635145876a6bc9de8a3219ed2120') in 0.016659 seconds 
  Import took 0.019823 seconds .

========================================================================
Received Import Request.
  Time since last request: 4.805976 seconds.
  path: Assets/Models/bake.001.png
  artifactKey: Guid(74f8b7e998082b647a738436fd278b45) Importer(815301076,1909f56bfc062723c751e8b465ee728b)
Start importing Assets/Models/bake.001.png using Guid(74f8b7e998082b647a738436fd278b45) Importer(815301076,1909f56bfc062723c751e8b465ee728b)  -> (artifact id: '0fd40bfe5194c8e0ecdfe6be40c83adf') in 0.033607 seconds 
  Import took 0.036878 seconds .

========================================================================
Received Import Request.
  Time since last request: 2.817769 seconds.
  path: Assets/Models/bake.001.png
  artifactKey: Guid(74f8b7e998082b647a738436fd278b45) Importer(815301076,1909f56bfc062723c751e8b465ee728b)
Start importing Assets/Models/bake.001.png using Guid(74f8b7e998082b647a738436fd278b45) Importer(815301076,1909f56bfc062723c751e8b465ee728b)  -> (artifact id: '30279ad284f94e9972f197be8c0fbaed') in 0.020753 seconds 
  Import took 0.024116 seconds .

========================================================================
Received Import Request.
  Time since last request: 12.491680 seconds.
  path: Assets/Models/bake.001.png
  artifactKey: Guid(74f8b7e998082b647a738436fd278b45) Importer(815301076,1909f56bfc062723c751e8b465ee728b)
Start importing Assets/Models/bake.001.png using Guid(74f8b7e998082b647a738436fd278b45) Importer(815301076,1909f56bfc062723c751e8b465ee728b)  -> (artifact id: '94a13d2f30afe50dad0fb3713c1b2d5e') in 0.016315 seconds 
  Import took 0.019071 seconds .

========================================================================
Received Import Request.
  Time since last request: 4.812033 seconds.
  path: Assets/Models/bake.001.png
  artifactKey: Guid(74f8b7e998082b647a738436fd278b45) Importer(815301076,1909f56bfc062723c751e8b465ee728b)
Start importing Assets/Models/bake.001.png using Guid(74f8b7e998082b647a738436fd278b45) Importer(815301076,1909f56bfc062723c751e8b465ee728b)  -> (artifact id: '5351fa56be6f24c44f192d897d674fab') in 0.015852 seconds 
  Import took 0.018639 seconds .

========================================================================
Received Import Request.
  Time since last request: 6.386249 seconds.
  path: Assets/Models/bake.001.png
  artifactKey: Guid(74f8b7e998082b647a738436fd278b45) Importer(815301076,1909f56bfc062723c751e8b465ee728b)
Start importing Assets/Models/bake.001.png using Guid(74f8b7e998082b647a738436fd278b45) Importer(815301076,1909f56bfc062723c751e8b465ee728b)  -> (artifact id: '5f6794dd9a5031690593f1bd6a4b4f2a') in 0.011877 seconds 
  Import took 0.014602 seconds .

========================================================================
Received Import Request.
  Time since last request: 4.556600 seconds.
  path: Assets/Models/bake.001.png
  artifactKey: Guid(74f8b7e998082b647a738436fd278b45) Importer(815301076,1909f56bfc062723c751e8b465ee728b)
Start importing Assets/Models/bake.001.png using Guid(74f8b7e998082b647a738436fd278b45) Importer(815301076,1909f56bfc062723c751e8b465ee728b)  -> (artifact id: 'af61f8e37d9502ae55a16881e45632bd') in 0.008989 seconds 
  Import took 0.011809 seconds .

========================================================================
Received Import Request.
  Time since last request: 10.448670 seconds.
  path: Assets/Models/bake.001.png
  artifactKey: Guid(74f8b7e998082b647a738436fd278b45) Importer(815301076,1909f56bfc062723c751e8b465ee728b)
Start importing Assets/Models/bake.001.png using Guid(74f8b7e998082b647a738436fd278b45) Importer(815301076,1909f56bfc062723c751e8b465ee728b)  -> (artifact id: 'eecf487ba6ed867520cf2e1c4475bea3') in 0.024243 seconds 
  Import took 0.027571 seconds .

========================================================================
Received Import Request.
  Time since last request: 6.849857 seconds.
  path: Assets/Models/bake.001.png
  artifactKey: Guid(74f8b7e998082b647a738436fd278b45) Importer(815301076,1909f56bfc062723c751e8b465ee728b)
Start importing Assets/Models/bake.001.png using Guid(74f8b7e998082b647a738436fd278b45) Importer(815301076,1909f56bfc062723c751e8b465ee728b)  -> (artifact id: 'ceeb184f598785f3262754cd5d692c72') in 0.026455 seconds 
  Import took 0.029616 seconds .

========================================================================
Received Import Request.
  Time since last request: 5.240196 seconds.
  path: Assets/Models/bake.001.png
  artifactKey: Guid(74f8b7e998082b647a738436fd278b45) Importer(815301076,1909f56bfc062723c751e8b465ee728b)
Start importing Assets/Models/bake.001.png using Guid(74f8b7e998082b647a738436fd278b45) Importer(815301076,1909f56bfc062723c751e8b465ee728b)  -> (artifact id: 'a57884b3d51f8a30de0b9dddf4e9032c') in 0.023225 seconds 
  Import took 0.027580 seconds .

========================================================================
Received Import Request.
  Time since last request: 14.597590 seconds.
  path: Assets/Models/bake.001.png
  artifactKey: Guid(74f8b7e998082b647a738436fd278b45) Importer(815301076,1909f56bfc062723c751e8b465ee728b)
Start importing Assets/Models/bake.001.png using Guid(74f8b7e998082b647a738436fd278b45) Importer(815301076,1909f56bfc062723c751e8b465ee728b)  -> (artifact id: 'b23beffef9b2a8af310f738e6d515386') in 0.016192 seconds 
  Import took 0.020045 seconds .

========================================================================
Received Import Request.
  Time since last request: 145.533547 seconds.
  path: Assets/Models/solar_cell
  artifactKey: Guid(2b04d96e766702a4e9ce95923f3ead44) Importer(815301076,1909f56bfc062723c751e8b465ee728b)
Start importing Assets/Models/solar_cell using Guid(2b04d96e766702a4e9ce95923f3ead44) Importer(815301076,1909f56bfc062723c751e8b465ee728b)  -> (artifact id: 'a2c95a45d3959403806f8843b05c607f') in 0.001875 seconds 
  Import took 0.004776 seconds .

========================================================================
Received Import Request.
  Time since last request: 117.988571 seconds.
  path: Assets/Models/solar_cell/Material.002.mat
  artifactKey: Guid(d9c4fcd2f20e4d744949708951229c84) Importer(815301076,1909f56bfc062723c751e8b465ee728b)
Start importing Assets/Models/solar_cell/Material.002.mat using Guid(d9c4fcd2f20e4d744949708951229c84) Importer(815301076,1909f56bfc062723c751e8b465ee728b)  -> (artifact id: 'a2bc29239e99921f37f0b8ae7542cbc0') in 0.194299 seconds 
  Import took 0.197122 seconds .

========================================================================
Received Import Request.
  Time since last request: 549.205412 seconds.
  path: Assets/Models/solar_cell_2
  artifactKey: Guid(873508cbdeff0cc4e84779c1bb2fc3f0) Importer(815301076,1909f56bfc062723c751e8b465ee728b)
Start importing Assets/Models/solar_cell_2 using Guid(873508cbdeff0cc4e84779c1bb2fc3f0) Importer(815301076,1909f56bfc062723c751e8b465ee728b)  -> (artifact id: '1df4ab82704cda6b96a033e2c8d28fc8') in 0.001799 seconds 
  Import took 0.005408 seconds .

========================================================================
Received Import Request.
  Time since last request: 0.039577 seconds.
  path: Assets/Models/solar_cell_2/bake.png
  artifactKey: Guid(efeda49909b316340adf8eb1c1d1f660) Importer(815301076,1909f56bfc062723c751e8b465ee728b)
Start importing Assets/Models/solar_cell_2/bake.png using Guid(efeda49909b316340adf8eb1c1d1f660) Importer(815301076,1909f56bfc062723c751e8b465ee728b)  -> (artifact id: '8aa994d2ae35112429c5db2363a4410c') in 0.024874 seconds 
  Import took 0.027769 seconds .

========================================================================
Received Import Request.
  Time since last request: 0.000237 seconds.
  path: Assets/Models/solar_cell_2/solarcell_2.fbx
  artifactKey: Guid(2dd2f1b087a707147beb180ef556b794) Importer(815301076,1909f56bfc062723c751e8b465ee728b)
Start importing Assets/Models/solar_cell_2/solarcell_2.fbx using Guid(2dd2f1b087a707147beb180ef556b794) Importer(815301076,1909f56bfc062723c751e8b465ee728b)  -> (artifact id: '8665e3dc8142b8e4b7049a062bc1cdef') in 0.071802 seconds 
  Import took 0.075443 seconds .

========================================================================
Received Import Request.
  Time since last request: 194.781106 seconds.
  path: Assets/Models/Tuabin
  artifactKey: Guid(3702fd30e63d5e9478f6220ad31039ed) Importer(815301076,1909f56bfc062723c751e8b465ee728b)
Start importing Assets/Models/Tuabin using Guid(3702fd30e63d5e9478f6220ad31039ed) Importer(815301076,1909f56bfc062723c751e8b465ee728b)  -> (artifact id: '0e7162c66ef0ba3be95a8d7a79135914') in 0.007798 seconds 
  Import took 0.012009 seconds .

========================================================================
Received Import Request.
  Time since last request: 28.768753 seconds.
  path: Assets/Models/Tuabin/tuabin.fbx
  artifactKey: Guid(2e5fa50fc40931943815397181aef8dd) Importer(815301076,1909f56bfc062723c751e8b465ee728b)
Start importing Assets/Models/Tuabin/tuabin.fbx using Guid(2e5fa50fc40931943815397181aef8dd) Importer(815301076,1909f56bfc062723c751e8b465ee728b)  -> (artifact id: 'a0d0a010cb20a9e1f0a7c62c12dc420a') in 0.049016 seconds 
  Import took 0.052078 seconds .

========================================================================
Received Import Request.
  Time since last request: 0.000161 seconds.
  path: Assets/Models/Tuabin/tuabin.mat
  artifactKey: Guid(d8f2fe8785570f64f8a5a230af628b61) Importer(815301076,1909f56bfc062723c751e8b465ee728b)
Start importing Assets/Models/Tuabin/tuabin.mat using Guid(d8f2fe8785570f64f8a5a230af628b61) Importer(815301076,1909f56bfc062723c751e8b465ee728b)  -> (artifact id: 'b2f5c53bdd3cca8da61b5b22b36b8226') in 0.008668 seconds 
  Import took 0.011904 seconds .

========================================================================
Received Import Request.
  Time since last request: 15.202998 seconds.
  path: Assets/Models/Tuabin/Untitled.png
  artifactKey: Guid(f6d604843a304fd43bb1ffc84d623e86) Importer(815301076,1909f56bfc062723c751e8b465ee728b)
Start importing Assets/Models/Tuabin/Untitled.png using Guid(f6d604843a304fd43bb1ffc84d623e86) Importer(815301076,1909f56bfc062723c751e8b465ee728b)  -> (artifact id: '083e84f217390c3e6cb8281d63388b30') in 0.010486 seconds 
  Import took 0.013477 seconds .

========================================================================
Received Import Request.
  Time since last request: 6.871448 seconds.
  path: Assets/Models/Tuabin/Untitled.png
  artifactKey: Guid(f6d604843a304fd43bb1ffc84d623e86) Importer(815301076,1909f56bfc062723c751e8b465ee728b)
Start importing Assets/Models/Tuabin/Untitled.png using Guid(f6d604843a304fd43bb1ffc84d623e86) Importer(815301076,1909f56bfc062723c751e8b465ee728b)  -> (artifact id: '1d503ca5e3137134bed574585d523ef6') in 0.008988 seconds 
  Import took 0.011958 seconds .

========================================================================
Received Prepare
Registering precompiled user dll's ...
Registered in 0.002753 seconds.
Begin MonoManager ReloadAssembly
Native extension for WindowsStandalone target not found
Native extension for WebGL target not found
Refreshing native plugins compatible for Editor in 0.59 ms, found 2 plugins.
Preloading 0 native plugins for Editor in 0.00 ms.
Mono: successfully reloaded assembly
- Completed reload, in  0.991 seconds
Domain Reload Profiling:
	ReloadAssembly (991ms)
		BeginReloadAssembly (111ms)
			ExecutionOrderSort (0ms)
			DisableScriptedObjects (3ms)
			BackupInstance (0ms)
			ReleaseScriptingObjects (0ms)
			CreateAndSetChildDomain (32ms)
		EndReloadAssembly (820ms)
			LoadAssemblies (79ms)
			RebuildTransferFunctionScriptingTraits (0ms)
			SetupTypeCache (270ms)
			ReleaseScriptCaches (1ms)
			RebuildScriptCaches (48ms)
			SetupLoadedEditorAssemblies (309ms)
				LogAssemblyErrors (0ms)
				InitializePlatformSupportModulesInManaged (5ms)
				SetLoadedEditorAssemblies (0ms)
				RefreshPlugins (1ms)
				BeforeProcessingInitializeOnLoad (83ms)
				ProcessInitializeOnLoadAttributes (201ms)
				ProcessInitializeOnLoadMethodAttributes (10ms)
				AfterProcessingInitializeOnLoad (7ms)
				EditorAssembliesLoaded (0ms)
			ExecutionOrderSort2 (0ms)
			AwakeInstancesAfterBackupRestoration (7ms)
Platform modules already initialized, skipping
Switching build target platform(19) subTarget(0) extendedPlatform(0) -> platform(13) subTarget(537395200) extendedPlatform(0)
Refreshing native plugins compatible for Editor in 0.54 ms, found 2 plugins.
Preloading 0 native plugins for Editor in 0.00 ms.
Unloading 1600 Unused Serialized files (Serialized files now loaded: 0)
System memory in use before: 75.0 MB.
System memory in use after: 75.1 MB.

Unloading 27 unused Assets to reduce memory usage. Loaded Objects now: 2075.
Total: 3.150700 ms (FindLiveObjects: 0.173100 ms CreateObjectMapping: 0.034800 ms MarkObjects: 2.918900 ms  DeleteObjects: 0.022400 ms)

AssetImportParameters requested are different than current active one (requested -> active):
  custom:framework-win-MediaFoundation: 216162199b28c13a410421893ffa2e32 -> 
  custom:video-decoder-ogg-theora: a1e56fd34408186e4bbccfd4996cb3dc -> 
  custom:container-muxer-webm: aa71ff27fc2769a1b78a27578f13a17b -> 
  custom:container-demuxer-webm: 4f35f7cbe854078d1ac9338744f61a02 -> 
  custom:container-demuxer-ogg: 62fdf1f143b41e24485cea50d1cbac27 -> 
  custom:video-encoder-webm-vp8: eb34c28f22e8b96e1ab97ce403110664 -> 
  custom:video-codec-MediaFoundation-h265: 746d11721c4dcdbdad8f713fa42b33f4 -> 
  custom:video-decoder-webm-vp8: 9c59270c3fd7afecdb556c50c9e8de78 -> 
  custom:graphics/normal-map-encoding: 01000000000000000000000000000000 -> 02000000000000000000000000000000
  custom:audio-decoder-ogg-vorbis: bf7c407c2cedff20999df2af8eb42d56 -> 
  custom:audio-encoder-webm-vorbis: bf7c407c2cedff20999df2af8eb42d56 -> 
========================================================================
Received Import Request.
  Time since last request: 433.428952 seconds.
  path: Assets/Models/Tuabin/Tuabin.controller
  artifactKey: Guid(694209e23ba4fc94bb2815c1cfb168f7) Importer(815301076,1909f56bfc062723c751e8b465ee728b)
Start importing Assets/Models/Tuabin/Tuabin.controller using Guid(694209e23ba4fc94bb2815c1cfb168f7) Importer(815301076,1909f56bfc062723c751e8b465ee728b)  -> (artifact id: '05423959cdf02c46e3752675a945e373') in 0.021880 seconds 
  Import took 0.025771 seconds .

========================================================================
Received Prepare
Registering precompiled user dll's ...
Registered in 0.003259 seconds.
Begin MonoManager ReloadAssembly
Native extension for WindowsStandalone target not found
Native extension for WebGL target not found
Refreshing native plugins compatible for Editor in 0.70 ms, found 2 plugins.
Preloading 0 native plugins for Editor in 0.00 ms.
Mono: successfully reloaded assembly
- Completed reload, in  1.034 seconds
Domain Reload Profiling:
	ReloadAssembly (1034ms)
		BeginReloadAssembly (117ms)
			ExecutionOrderSort (0ms)
			DisableScriptedObjects (4ms)
			BackupInstance (0ms)
			ReleaseScriptingObjects (0ms)
			CreateAndSetChildDomain (37ms)
		EndReloadAssembly (850ms)
			LoadAssemblies (89ms)
			RebuildTransferFunctionScriptingTraits (0ms)
			SetupTypeCache (294ms)
			ReleaseScriptCaches (1ms)
			RebuildScriptCaches (41ms)
			SetupLoadedEditorAssemblies (306ms)
				LogAssemblyErrors (0ms)
				InitializePlatformSupportModulesInManaged (6ms)
				SetLoadedEditorAssemblies (0ms)
				RefreshPlugins (1ms)
				BeforeProcessingInitializeOnLoad (90ms)
				ProcessInitializeOnLoadAttributes (192ms)
				ProcessInitializeOnLoadMethodAttributes (9ms)
				AfterProcessingInitializeOnLoad (8ms)
				EditorAssembliesLoaded (0ms)
			ExecutionOrderSort2 (0ms)
			AwakeInstancesAfterBackupRestoration (7ms)
Platform modules already initialized, skipping
Switching build target platform(19) subTarget(0) extendedPlatform(0) -> platform(13) subTarget(537395200) extendedPlatform(0)
Refreshing native plugins compatible for Editor in 0.59 ms, found 2 plugins.
Preloading 0 native plugins for Editor in 0.00 ms.
Unloading 1600 Unused Serialized files (Serialized files now loaded: 0)
System memory in use before: 75.0 MB.
System memory in use after: 75.1 MB.

Unloading 27 unused Assets to reduce memory usage. Loaded Objects now: 2077.
Total: 3.891000 ms (FindLiveObjects: 0.269100 ms CreateObjectMapping: 0.069700 ms MarkObjects: 3.528100 ms  DeleteObjects: 0.022000 ms)

AssetImportParameters requested are different than current active one (requested -> active):
  custom:framework-win-MediaFoundation: 216162199b28c13a410421893ffa2e32 -> 
  custom:video-decoder-ogg-theora: a1e56fd34408186e4bbccfd4996cb3dc -> 
  custom:container-muxer-webm: aa71ff27fc2769a1b78a27578f13a17b -> 
  custom:container-demuxer-webm: 4f35f7cbe854078d1ac9338744f61a02 -> 
  custom:container-demuxer-ogg: 62fdf1f143b41e24485cea50d1cbac27 -> 
  custom:video-encoder-webm-vp8: eb34c28f22e8b96e1ab97ce403110664 -> 
  custom:video-codec-MediaFoundation-h265: 746d11721c4dcdbdad8f713fa42b33f4 -> 
  custom:video-decoder-webm-vp8: 9c59270c3fd7afecdb556c50c9e8de78 -> 
  custom:graphics/normal-map-encoding: 01000000000000000000000000000000 -> 02000000000000000000000000000000
  custom:audio-decoder-ogg-vorbis: bf7c407c2cedff20999df2af8eb42d56 -> 
  custom:audio-encoder-webm-vorbis: bf7c407c2cedff20999df2af8eb42d56 -> 
========================================================================
Received Import Request.
  Time since last request: 124.502467 seconds.
  path: Assets/Models/Tuabin/tuabin.fbx
  artifactKey: Guid(2e5fa50fc40931943815397181aef8dd) Importer(815301076,1909f56bfc062723c751e8b465ee728b)
Start importing Assets/Models/Tuabin/tuabin.fbx using Guid(2e5fa50fc40931943815397181aef8dd) Importer(815301076,1909f56bfc062723c751e8b465ee728b)  -> (artifact id: 'c212c8d4ff26f58291533bf52b573c41') in 0.095949 seconds 
  Import took 0.099611 seconds .

========================================================================
Received Import Request.
  Time since last request: 29.800332 seconds.
  path: Assets/Models/DirtBlock
  artifactKey: Guid(306409665a257844f956eed948a5b200) Importer(815301076,1909f56bfc062723c751e8b465ee728b)
Start importing Assets/Models/DirtBlock using Guid(306409665a257844f956eed948a5b200) Importer(815301076,1909f56bfc062723c751e8b465ee728b)  -> (artifact id: 'd15ecdec61354284d281488eee01968a') in 0.007076 seconds 
  Import took 0.010557 seconds .

========================================================================
Received Prepare
Registering precompiled user dll's ...
Registered in 0.002692 seconds.
Begin MonoManager ReloadAssembly
Native extension for WindowsStandalone target not found
Native extension for WebGL target not found
Refreshing native plugins compatible for Editor in 0.49 ms, found 2 plugins.
Preloading 0 native plugins for Editor in 0.00 ms.
Mono: successfully reloaded assembly
- Completed reload, in  0.906 seconds
Domain Reload Profiling:
	ReloadAssembly (906ms)
		BeginReloadAssembly (104ms)
			ExecutionOrderSort (0ms)
			DisableScriptedObjects (3ms)
			BackupInstance (0ms)
			ReleaseScriptingObjects (0ms)
			CreateAndSetChildDomain (29ms)
		EndReloadAssembly (740ms)
			LoadAssemblies (77ms)
			RebuildTransferFunctionScriptingTraits (0ms)
			SetupTypeCache (249ms)
			ReleaseScriptCaches (1ms)
			RebuildScriptCaches (37ms)
			SetupLoadedEditorAssemblies (263ms)
				LogAssemblyErrors (0ms)
				InitializePlatformSupportModulesInManaged (5ms)
				SetLoadedEditorAssemblies (0ms)
				RefreshPlugins (1ms)
				BeforeProcessingInitializeOnLoad (81ms)
				ProcessInitializeOnLoadAttributes (161ms)
				ProcessInitializeOnLoadMethodAttributes (8ms)
				AfterProcessingInitializeOnLoad (7ms)
				EditorAssembliesLoaded (0ms)
			ExecutionOrderSort2 (0ms)
			AwakeInstancesAfterBackupRestoration (6ms)
Platform modules already initialized, skipping
Switching build target platform(19) subTarget(0) extendedPlatform(0) -> platform(13) subTarget(537395200) extendedPlatform(0)
Refreshing native plugins compatible for Editor in 0.47 ms, found 2 plugins.
Preloading 0 native plugins for Editor in 0.00 ms.
Unloading 1600 Unused Serialized files (Serialized files now loaded: 0)
System memory in use before: 75.0 MB.
System memory in use after: 75.1 MB.

Unloading 27 unused Assets to reduce memory usage. Loaded Objects now: 2080.
Total: 3.803500 ms (FindLiveObjects: 0.205400 ms CreateObjectMapping: 0.067200 ms MarkObjects: 3.506800 ms  DeleteObjects: 0.022300 ms)

AssetImportParameters requested are different than current active one (requested -> active):
  custom:framework-win-MediaFoundation: 216162199b28c13a410421893ffa2e32 -> 
  custom:video-decoder-ogg-theora: a1e56fd34408186e4bbccfd4996cb3dc -> 
  custom:container-muxer-webm: aa71ff27fc2769a1b78a27578f13a17b -> 
  custom:container-demuxer-webm: 4f35f7cbe854078d1ac9338744f61a02 -> 
  custom:container-demuxer-ogg: 62fdf1f143b41e24485cea50d1cbac27 -> 
  custom:video-encoder-webm-vp8: eb34c28f22e8b96e1ab97ce403110664 -> 
  custom:video-codec-MediaFoundation-h265: 746d11721c4dcdbdad8f713fa42b33f4 -> 
  custom:video-decoder-webm-vp8: 9c59270c3fd7afecdb556c50c9e8de78 -> 
  custom:graphics/normal-map-encoding: 01000000000000000000000000000000 -> 02000000000000000000000000000000
  custom:audio-decoder-ogg-vorbis: bf7c407c2cedff20999df2af8eb42d56 -> 
  custom:audio-encoder-webm-vorbis: bf7c407c2cedff20999df2af8eb42d56 -> 
========================================================================
Received Import Request.
  Time since last request: 47.928199 seconds.
  path: Assets/Models/DirtBlock/Untitled.001.png
  artifactKey: Guid(585d6829a5bf50c47bcdf89f5d5f370c) Importer(815301076,1909f56bfc062723c751e8b465ee728b)
Start importing Assets/Models/DirtBlock/Untitled.001.png using Guid(585d6829a5bf50c47bcdf89f5d5f370c) Importer(815301076,1909f56bfc062723c751e8b465ee728b)  -> (artifact id: '614dab99778e5f900e6e2e52b7378258') in 0.036043 seconds 
  Import took 0.038772 seconds .

========================================================================
Received Import Request.
  Time since last request: 11.774807 seconds.
  path: Assets/Models/DirtBlock/dirtBlock.fbx
  artifactKey: Guid(d1df5ca859eb1f84b9f8747905f45c68) Importer(815301076,1909f56bfc062723c751e8b465ee728b)
Start importing Assets/Models/DirtBlock/dirtBlock.fbx using Guid(d1df5ca859eb1f84b9f8747905f45c68) Importer(815301076,1909f56bfc062723c751e8b465ee728b)  -> (artifact id: '83bc0fc95c50e77b89b33974131af7ad') in 0.062427 seconds 
  Import took 0.066000 seconds .

========================================================================
Received Import Request.
  Time since last request: 0.000165 seconds.
  path: Assets/Models/DirtBlock/Material.001.mat
  artifactKey: Guid(d444340a9592fb4489325b47eb7cfe39) Importer(815301076,1909f56bfc062723c751e8b465ee728b)
Start importing Assets/Models/DirtBlock/Material.001.mat using Guid(d444340a9592fb4489325b47eb7cfe39) Importer(815301076,1909f56bfc062723c751e8b465ee728b)  -> (artifact id: '422c048cbbf203309d947ff364d37ab2') in 0.033502 seconds 
  Import took 0.036291 seconds .

========================================================================
Received Prepare
Registering precompiled user dll's ...
Registered in 0.002752 seconds.
Begin MonoManager ReloadAssembly
Native extension for WindowsStandalone target not found
Native extension for WebGL target not found
Refreshing native plugins compatible for Editor in 0.50 ms, found 2 plugins.
Preloading 0 native plugins for Editor in 0.00 ms.
Mono: successfully reloaded assembly
- Completed reload, in  0.922 seconds
Domain Reload Profiling:
	ReloadAssembly (922ms)
		BeginReloadAssembly (94ms)
			ExecutionOrderSort (0ms)
			DisableScriptedObjects (3ms)
			BackupInstance (0ms)
			ReleaseScriptingObjects (0ms)
			CreateAndSetChildDomain (28ms)
		EndReloadAssembly (768ms)
			LoadAssemblies (78ms)
			RebuildTransferFunctionScriptingTraits (0ms)
			SetupTypeCache (258ms)
			ReleaseScriptCaches (1ms)
			RebuildScriptCaches (36ms)
			SetupLoadedEditorAssemblies (266ms)
				LogAssemblyErrors (0ms)
				InitializePlatformSupportModulesInManaged (5ms)
				SetLoadedEditorAssemblies (0ms)
				RefreshPlugins (1ms)
				BeforeProcessingInitializeOnLoad (80ms)
				ProcessInitializeOnLoadAttributes (164ms)
				ProcessInitializeOnLoadMethodAttributes (8ms)
				AfterProcessingInitializeOnLoad (7ms)
				EditorAssembliesLoaded (0ms)
			ExecutionOrderSort2 (0ms)
			AwakeInstancesAfterBackupRestoration (7ms)
Platform modules already initialized, skipping
Switching build target platform(19) subTarget(0) extendedPlatform(0) -> platform(13) subTarget(537395200) extendedPlatform(0)
Refreshing native plugins compatible for Editor in 0.48 ms, found 2 plugins.
Preloading 0 native plugins for Editor in 0.00 ms.
Unloading 1600 Unused Serialized files (Serialized files now loaded: 0)
System memory in use before: 75.0 MB.
System memory in use after: 75.1 MB.

Unloading 27 unused Assets to reduce memory usage. Loaded Objects now: 2083.
Total: 2.725600 ms (FindLiveObjects: 0.165400 ms CreateObjectMapping: 0.034800 ms MarkObjects: 2.503900 ms  DeleteObjects: 0.020200 ms)

AssetImportParameters requested are different than current active one (requested -> active):
  custom:framework-win-MediaFoundation: 216162199b28c13a410421893ffa2e32 -> 
  custom:video-decoder-ogg-theora: a1e56fd34408186e4bbccfd4996cb3dc -> 
  custom:container-muxer-webm: aa71ff27fc2769a1b78a27578f13a17b -> 
  custom:container-demuxer-webm: 4f35f7cbe854078d1ac9338744f61a02 -> 
  custom:container-demuxer-ogg: 62fdf1f143b41e24485cea50d1cbac27 -> 
  custom:video-encoder-webm-vp8: eb34c28f22e8b96e1ab97ce403110664 -> 
  custom:video-codec-MediaFoundation-h265: 746d11721c4dcdbdad8f713fa42b33f4 -> 
  custom:video-decoder-webm-vp8: 9c59270c3fd7afecdb556c50c9e8de78 -> 
  custom:graphics/normal-map-encoding: 01000000000000000000000000000000 -> 02000000000000000000000000000000
  custom:audio-decoder-ogg-vorbis: bf7c407c2cedff20999df2af8eb42d56 -> 
  custom:audio-encoder-webm-vorbis: bf7c407c2cedff20999df2af8eb42d56 -> 
AssetImportWorkerClient::OnTransportError - code=2 error=End of file
