Using pre-set license
Built from '2020.3/staging' branch; Version is '2020.3.25f1 (9b9180224418) revision 10195328'; Using compiler version '192528614'; Build Type 'Release'
OS: 'Windows 10  (10.0.19044) 64bit CoreSingleLanguage' Language: 'en' Physical Memory: 15791 MB
BatchMode: 1, IsHumanControllingUs: 0, StartBugReporterOnCrash: 0, Is64bit: 1, IsPro: 0

COMMAND LINE ARGUMENTS:
C:\Program Files\Unity\Hub\Editor\2020.3.25f1\Editor\Unity.exe
-adb2
-batchMode
-noUpm
-name
AssetImportWorker0
-projectPath
E:/JAM/SeaDoctor/SeaDoctor_MobileGame/SeaDoctor
-logFile
Logs/AssetImportWorker0.log
-srvPort
61964
Successfully changed project path to: E:/JAM/SeaDoctor/SeaDoctor_MobileGame/SeaDoctor
E:/JAM/SeaDoctor/SeaDoctor_MobileGame/SeaDoctor
Using Asset Import Pipeline V2.
Refreshing native plugins compatible for Editor in 33.92 ms, found 2 plugins.
Preloading 0 native plugins for Editor in 0.00 ms.
Initialize engine version: 2020.3.25f1 (9b9180224418)
[Subsystems] Discovering subsystems at path C:/Program Files/Unity/Hub/Editor/2020.3.25f1/Editor/Data/Resources/UnitySubsystems
[Subsystems] Discovering subsystems at path E:/JAM/SeaDoctor/SeaDoctor_MobileGame/SeaDoctor/Assets
GfxDevice: creating device client; threaded=0
Direct3D:
    Version:  Direct3D 11.0 [level 11.1]
    Renderer: NVIDIA GeForce GTX 1650 (ID=0x1f99)
    Vendor:   
    VRAM:     3962 MB
    Driver:   31.0.15.1659
Initialize mono
Mono path[0] = 'C:/Program Files/Unity/Hub/Editor/2020.3.25f1/Editor/Data/Managed'
Mono path[1] = 'C:/Program Files/Unity/Hub/Editor/2020.3.25f1/Editor/Data/MonoBleedingEdge/lib/mono/unityjit'
Mono config path = 'C:/Program Files/Unity/Hub/Editor/2020.3.25f1/Editor/Data/MonoBleedingEdge/etc'
Using monoOptions --debugger-agent=transport=dt_socket,embedding=1,server=y,suspend=n,address=127.0.0.1:56844
Begin MonoManager ReloadAssembly
Registering precompiled unity dll's ...
Register platform support module: C:/Program Files/Unity/Hub/Editor/2020.3.25f1/Editor/Data/PlaybackEngines/WebGLSupport/UnityEditor.WebGL.Extensions.dll
Register platform support module: C:/Program Files/Unity/Hub/Editor/2020.3.25f1/Editor/Data/PlaybackEngines/WindowsStandaloneSupport/UnityEditor.WindowsStandalone.Extensions.dll
Registered in 0.002340 seconds.
Native extension for WindowsStandalone target not found
Native extension for WebGL target not found
Refreshing native plugins compatible for Editor in 32.25 ms, found 2 plugins.
Preloading 0 native plugins for Editor in 0.00 ms.
Mono: successfully reloaded assembly
- Completed reload, in  0.542 seconds
Domain Reload Profiling:
	ReloadAssembly (542ms)
		BeginReloadAssembly (51ms)
			ExecutionOrderSort (0ms)
			DisableScriptedObjects (0ms)
			BackupInstance (0ms)
			ReleaseScriptingObjects (0ms)
			CreateAndSetChildDomain (1ms)
		EndReloadAssembly (420ms)
			LoadAssemblies (49ms)
			RebuildTransferFunctionScriptingTraits (0ms)
			SetupTypeCache (138ms)
			ReleaseScriptCaches (0ms)
			RebuildScriptCaches (30ms)
			SetupLoadedEditorAssemblies (151ms)
				LogAssemblyErrors (0ms)
				InitializePlatformSupportModulesInManaged (6ms)
				SetLoadedEditorAssemblies (0ms)
				RefreshPlugins (32ms)
				BeforeProcessingInitializeOnLoad (12ms)
				ProcessInitializeOnLoadAttributes (75ms)
				ProcessInitializeOnLoadMethodAttributes (26ms)
				AfterProcessingInitializeOnLoad (0ms)
				EditorAssembliesLoaded (0ms)
			ExecutionOrderSort2 (0ms)
			AwakeInstancesAfterBackupRestoration (0ms)
Platform modules already initialized, skipping
Registering precompiled user dll's ...
Registered in 0.003301 seconds.
Begin MonoManager ReloadAssembly
Native extension for WindowsStandalone target not found
Native extension for WebGL target not found
Refreshing native plugins compatible for Editor in 0.46 ms, found 2 plugins.
Preloading 0 native plugins for Editor in 0.00 ms.
Mono: successfully reloaded assembly
- Completed reload, in  0.964 seconds
Domain Reload Profiling:
	ReloadAssembly (965ms)
		BeginReloadAssembly (137ms)
			ExecutionOrderSort (0ms)
			DisableScriptedObjects (5ms)
			BackupInstance (0ms)
			ReleaseScriptingObjects (0ms)
			CreateAndSetChildDomain (19ms)
		EndReloadAssembly (767ms)
			LoadAssemblies (82ms)
			RebuildTransferFunctionScriptingTraits (0ms)
			SetupTypeCache (273ms)
			ReleaseScriptCaches (0ms)
			RebuildScriptCaches (39ms)
			SetupLoadedEditorAssemblies (286ms)
				LogAssemblyErrors (0ms)
				InitializePlatformSupportModulesInManaged (6ms)
				SetLoadedEditorAssemblies (0ms)
				RefreshPlugins (1ms)
				BeforeProcessingInitializeOnLoad (88ms)
				ProcessInitializeOnLoadAttributes (175ms)
				ProcessInitializeOnLoadMethodAttributes (9ms)
				AfterProcessingInitializeOnLoad (7ms)
				EditorAssembliesLoaded (0ms)
			ExecutionOrderSort2 (0ms)
			AwakeInstancesAfterBackupRestoration (6ms)
Platform modules already initialized, skipping
========================================================================
Worker process is ready to serve import requests
Launched and connected shader compiler UnityShaderCompiler.exe after 0.05 seconds
Refreshing native plugins compatible for Editor in 0.47 ms, found 2 plugins.
Preloading 0 native plugins for Editor in 0.00 ms.
Unloading 1603 Unused Serialized files (Serialized files now loaded: 0)
System memory in use before: 71.4 MB.
System memory in use after: 71.5 MB.

Unloading 32 unused Assets to reduce memory usage. Loaded Objects now: 2021.
Total: 3.031600 ms (FindLiveObjects: 0.265900 ms CreateObjectMapping: 0.094100 ms MarkObjects: 2.602700 ms  DeleteObjects: 0.066900 ms)

AssetImportParameters requested are different than current active one (requested -> active):
  custom:framework-win-MediaFoundation: 216162199b28c13a410421893ffa2e32 -> 
  custom:video-decoder-ogg-theora: a1e56fd34408186e4bbccfd4996cb3dc -> 
  custom:container-muxer-webm: aa71ff27fc2769a1b78a27578f13a17b -> 
  custom:container-demuxer-webm: 4f35f7cbe854078d1ac9338744f61a02 -> 
  custom:container-demuxer-ogg: 62fdf1f143b41e24485cea50d1cbac27 -> 
  custom:video-encoder-webm-vp8: eb34c28f22e8b96e1ab97ce403110664 -> 
  custom:video-codec-MediaFoundation-h265: 746d11721c4dcdbdad8f713fa42b33f4 -> 
  custom:video-decoder-webm-vp8: 9c59270c3fd7afecdb556c50c9e8de78 -> 
  custom:audio-decoder-ogg-vorbis: bf7c407c2cedff20999df2af8eb42d56 -> 
  custom:audio-encoder-webm-vorbis: bf7c407c2cedff20999df2af8eb42d56 -> 
========================================================================
Received Import Request.
  path: Assets/Models/dirtBlock.fbx
  artifactKey: Guid(1a1af0fb1a1ca16498c2f08b4fdaf4d3) Importer(815301076,1909f56bfc062723c751e8b465ee728b)
Start importing Assets/Models/dirtBlock.fbx using Guid(1a1af0fb1a1ca16498c2f08b4fdaf4d3) Importer(815301076,1909f56bfc062723c751e8b465ee728b)  -> (artifact id: 'c8c10b2749dbf33fa5046e0e01edbd22') in 0.107335 seconds 
  Import took 0.110195 seconds .

========================================================================
Received Import Request.
  Time since last request: 0.000229 seconds.
  path: Assets/Models/Material.001.mat
  artifactKey: Guid(da1a2b21ccbc0e34d8cc54fbec8407af) Importer(815301076,1909f56bfc062723c751e8b465ee728b)
Start importing Assets/Models/Material.001.mat using Guid(da1a2b21ccbc0e34d8cc54fbec8407af) Importer(815301076,1909f56bfc062723c751e8b465ee728b)  -> (artifact id: '96bb0f6d02e919814eac508b92177515') in 0.023873 seconds 
  Import took 0.026953 seconds .

========================================================================
Received Import Request.
  Time since last request: 30.803912 seconds.
  path: Assets/Models/lighthouse.fbx
  artifactKey: Guid(a23bbbd20b261a5428425a4aee55e6b7) Importer(815301076,1909f56bfc062723c751e8b465ee728b)
Start importing Assets/Models/lighthouse.fbx using Guid(a23bbbd20b261a5428425a4aee55e6b7) Importer(815301076,1909f56bfc062723c751e8b465ee728b)  -> (artifact id: '6027f4858435a3c243fd486665f3f415') in 0.028244 seconds 
  Import took 0.031310 seconds .

========================================================================
Received Import Request.
  Time since last request: 0.000229 seconds.
  path: Assets/Models/lighthouse.mat
  artifactKey: Guid(e5f30c08a6e38434bb52348aeb94dc2d) Importer(815301076,1909f56bfc062723c751e8b465ee728b)
Start importing Assets/Models/lighthouse.mat using Guid(e5f30c08a6e38434bb52348aeb94dc2d) Importer(815301076,1909f56bfc062723c751e8b465ee728b)  -> (artifact id: '2049f5b3f310fe2955a4afca41bb7bad') in 0.012290 seconds 
  Import took 0.016167 seconds .

========================================================================
Received Import Request.
  Time since last request: 158.725146 seconds.
  path: Assets/Models/lighthouse.fbx
  artifactKey: Guid(a23bbbd20b261a5428425a4aee55e6b7) Importer(815301076,1909f56bfc062723c751e8b465ee728b)
Start importing Assets/Models/lighthouse.fbx using Guid(a23bbbd20b261a5428425a4aee55e6b7) Importer(815301076,1909f56bfc062723c751e8b465ee728b)  -> (artifact id: 'fff7228ed07ad27912afb619ed38b1cc') in 0.023425 seconds 
  Import took 0.026336 seconds .

========================================================================
Received Import Request.
  Time since last request: 54.448433 seconds.
  path: Assets/Models/tex_lighthouse.png
  artifactKey: Guid(8b179ab5fd9fcd34fa44e80b849267ad) Importer(815301076,1909f56bfc062723c751e8b465ee728b)
Start importing Assets/Models/tex_lighthouse.png using Guid(8b179ab5fd9fcd34fa44e80b849267ad) Importer(815301076,1909f56bfc062723c751e8b465ee728b)  -> (artifact id: '998f07a9ef46d41d14c247cd45550b01') in 0.025268 seconds 
  Import took 0.028046 seconds .

========================================================================
Received Import Request.
  Time since last request: 23.244642 seconds.
  path: Assets/Models/lighthouse.fbx
  artifactKey: Guid(a23bbbd20b261a5428425a4aee55e6b7) Importer(815301076,1909f56bfc062723c751e8b465ee728b)
Start importing Assets/Models/lighthouse.fbx using Guid(a23bbbd20b261a5428425a4aee55e6b7) Importer(815301076,1909f56bfc062723c751e8b465ee728b)  -> (artifact id: 'a2aa79945a75f658c260f42a1a1b6f8f') in 0.028994 seconds 
  Import took 0.031895 seconds .

========================================================================
Received Import Request.
  Time since last request: 16.664734 seconds.
  path: Assets/Models/lighthouse.mat
  artifactKey: Guid(e5f30c08a6e38434bb52348aeb94dc2d) Importer(815301076,1909f56bfc062723c751e8b465ee728b)
Start importing Assets/Models/lighthouse.mat using Guid(e5f30c08a6e38434bb52348aeb94dc2d) Importer(815301076,1909f56bfc062723c751e8b465ee728b)  -> (artifact id: '81dc6b10de4307e9a0ad30256f9ad5c6') in 0.020251 seconds 
  Import took 0.022995 seconds .

========================================================================
Received Import Request.
  Time since last request: 126.382852 seconds.
  path: Assets/Models/lighthouse.png
  artifactKey: Guid(f699b8238d8b81242855fbb5ae1a2617) Importer(815301076,1909f56bfc062723c751e8b465ee728b)
Start importing Assets/Models/lighthouse.png using Guid(f699b8238d8b81242855fbb5ae1a2617) Importer(815301076,1909f56bfc062723c751e8b465ee728b)  -> (artifact id: '5e9152437ec8291143e6bd7a2758710e') in 0.011107 seconds 
  Import took 0.013949 seconds .

========================================================================
Received Import Request.
  Time since last request: 2096.915255 seconds.
  path: Assets/Models/lighthouse.jpg
  artifactKey: Guid(62bf925cb9d8e8b4d858fda60f4899a7) Importer(815301076,1909f56bfc062723c751e8b465ee728b)
Start importing Assets/Models/lighthouse.jpg using Guid(62bf925cb9d8e8b4d858fda60f4899a7) Importer(815301076,1909f56bfc062723c751e8b465ee728b)  -> (artifact id: '7a93ef4427f8830bd01b67e6701897ef') in 0.021714 seconds 
  Import took 0.025145 seconds .

========================================================================
Received Import Request.
  Time since last request: 19.473039 seconds.
  path: Assets/Models/lighthouse.jpg
  artifactKey: Guid(62bf925cb9d8e8b4d858fda60f4899a7) Importer(815301076,1909f56bfc062723c751e8b465ee728b)
Start importing Assets/Models/lighthouse.jpg using Guid(62bf925cb9d8e8b4d858fda60f4899a7) Importer(815301076,1909f56bfc062723c751e8b465ee728b)  -> (artifact id: 'cefc0ee819f61d0adadf3daaea0c4c2c') in 0.006705 seconds 
  Import took 0.009855 seconds .

========================================================================
Received Import Request.
  Time since last request: 14.643444 seconds.
  path: Assets/Models/lighthouse.jpg
  artifactKey: Guid(62bf925cb9d8e8b4d858fda60f4899a7) Importer(815301076,1909f56bfc062723c751e8b465ee728b)
Start importing Assets/Models/lighthouse.jpg using Guid(62bf925cb9d8e8b4d858fda60f4899a7) Importer(815301076,1909f56bfc062723c751e8b465ee728b)  -> (artifact id: '30e58505a43075a27589f7d3a444d9ca') in 0.009040 seconds 
  Import took 0.011621 seconds .

========================================================================
Received Import Request.
  Time since last request: 14.953547 seconds.
  path: Assets/Models/lighthouse.jpg
  artifactKey: Guid(62bf925cb9d8e8b4d858fda60f4899a7) Importer(815301076,1909f56bfc062723c751e8b465ee728b)
Start importing Assets/Models/lighthouse.jpg using Guid(62bf925cb9d8e8b4d858fda60f4899a7) Importer(815301076,1909f56bfc062723c751e8b465ee728b)  -> (artifact id: '27288a5a05506912677848b404f76ae8') in 0.013369 seconds 
  Import took 0.016137 seconds .

========================================================================
Received Import Request.
  Time since last request: 15.967679 seconds.
  path: Assets/Models/lighthouse.fbx
  artifactKey: Guid(a23bbbd20b261a5428425a4aee55e6b7) Importer(815301076,1909f56bfc062723c751e8b465ee728b)
Start importing Assets/Models/lighthouse.fbx using Guid(a23bbbd20b261a5428425a4aee55e6b7) Importer(815301076,1909f56bfc062723c751e8b465ee728b)  -> (artifact id: 'fa0a02a7776bcc355caa6b6086777216') in 0.030329 seconds 
  Import took 0.033391 seconds .

========================================================================
Received Import Request.
  Time since last request: 28.422775 seconds.
  path: Assets/Models/lighthouse.jpg
  artifactKey: Guid(62bf925cb9d8e8b4d858fda60f4899a7) Importer(815301076,1909f56bfc062723c751e8b465ee728b)
Start importing Assets/Models/lighthouse.jpg using Guid(62bf925cb9d8e8b4d858fda60f4899a7) Importer(815301076,1909f56bfc062723c751e8b465ee728b)  -> (artifact id: '0a7bd0314065697c2df9f2226d39f3b0') in 0.009406 seconds 
  Import took 0.012127 seconds .

========================================================================
Received Import Request.
  Time since last request: 4.752514 seconds.
  path: Assets/Models/lighthouse.jpg
  artifactKey: Guid(62bf925cb9d8e8b4d858fda60f4899a7) Importer(815301076,1909f56bfc062723c751e8b465ee728b)
Start importing Assets/Models/lighthouse.jpg using Guid(62bf925cb9d8e8b4d858fda60f4899a7) Importer(815301076,1909f56bfc062723c751e8b465ee728b)  -> (artifact id: '509741cce40181eba8e141623803bb43') in 0.006238 seconds 
  Import took 0.008857 seconds .

========================================================================
Received Import Request.
  Time since last request: 2.207971 seconds.
  path: Assets/Models/lighthouse.jpg
  artifactKey: Guid(62bf925cb9d8e8b4d858fda60f4899a7) Importer(815301076,1909f56bfc062723c751e8b465ee728b)
Start importing Assets/Models/lighthouse.jpg using Guid(62bf925cb9d8e8b4d858fda60f4899a7) Importer(815301076,1909f56bfc062723c751e8b465ee728b)  -> (artifact id: 'c18446c94d8faa10d4405d48cf392c7f') in 0.006451 seconds 
  Import took 0.009397 seconds .

========================================================================
Received Import Request.
  Time since last request: 9.741249 seconds.
  path: Assets/Models/lighthouse.jpg
  artifactKey: Guid(62bf925cb9d8e8b4d858fda60f4899a7) Importer(815301076,1909f56bfc062723c751e8b465ee728b)
Start importing Assets/Models/lighthouse.jpg using Guid(62bf925cb9d8e8b4d858fda60f4899a7) Importer(815301076,1909f56bfc062723c751e8b465ee728b)  -> (artifact id: '0790c3ff4fa61a86e2aed75b5baf7ff7') in 0.005940 seconds 
  Import took 0.008613 seconds .

========================================================================
Received Import Request.
  Time since last request: 5.187379 seconds.
  path: Assets/Models/lighthouse.jpg
  artifactKey: Guid(62bf925cb9d8e8b4d858fda60f4899a7) Importer(815301076,1909f56bfc062723c751e8b465ee728b)
Start importing Assets/Models/lighthouse.jpg using Guid(62bf925cb9d8e8b4d858fda60f4899a7) Importer(815301076,1909f56bfc062723c751e8b465ee728b)  -> (artifact id: 'da7f488fa05f90fcefd117d04d4dccd8') in 0.010370 seconds 
  Import took 0.013696 seconds .

========================================================================
Received Import Request.
  Time since last request: 46.329808 seconds.
  path: Assets/Models/factory.fbx
  artifactKey: Guid(b9bb6dd08be984744922b3fc330a250c) Importer(815301076,1909f56bfc062723c751e8b465ee728b)
Start importing Assets/Models/factory.fbx using Guid(b9bb6dd08be984744922b3fc330a250c) Importer(815301076,1909f56bfc062723c751e8b465ee728b)  -> (artifact id: '4167885d9b5cdafce0ee68239de37121') in 0.062913 seconds 
  Import took 0.065835 seconds .

========================================================================
Received Import Request.
  Time since last request: 98.136345 seconds.
  path: Assets/Models/lighthouse.jpg
  artifactKey: Guid(62bf925cb9d8e8b4d858fda60f4899a7) Importer(815301076,1909f56bfc062723c751e8b465ee728b)
Start importing Assets/Models/lighthouse.jpg using Guid(62bf925cb9d8e8b4d858fda60f4899a7) Importer(815301076,1909f56bfc062723c751e8b465ee728b)  -> (artifact id: '2425dc32e51fcfc98eb02e213daa445d') in 0.006667 seconds 
  Import took 0.009527 seconds .

========================================================================
Received Import Request.
  Time since last request: 53.456052 seconds.
  path: Assets/Models/factory.fbx
  artifactKey: Guid(b9bb6dd08be984744922b3fc330a250c) Importer(815301076,1909f56bfc062723c751e8b465ee728b)
Start importing Assets/Models/factory.fbx using Guid(b9bb6dd08be984744922b3fc330a250c) Importer(815301076,1909f56bfc062723c751e8b465ee728b)  -> (artifact id: 'a5f9826846cb16ddf0264cc1696e7636') in 0.084474 seconds 
  Import took 0.087147 seconds .

========================================================================
Received Import Request.
  Time since last request: 60.815169 seconds.
  path: Assets/Models/Lighthouse
  artifactKey: Guid(6e3650c0914aee74da2ac739b1fe6a6a) Importer(815301076,1909f56bfc062723c751e8b465ee728b)
Start importing Assets/Models/Lighthouse using Guid(6e3650c0914aee74da2ac739b1fe6a6a) Importer(815301076,1909f56bfc062723c751e8b465ee728b)  -> (artifact id: '275ae74edb08938789ad4a5f3ec355a4') in 0.005875 seconds 
  Import took 0.009562 seconds .

========================================================================
Received Import Request.
  Time since last request: 19.295506 seconds.
  path: Assets/Models/Lighthouse/lighthouse.jpg
  artifactKey: Guid(62bf925cb9d8e8b4d858fda60f4899a7) Importer(815301076,1909f56bfc062723c751e8b465ee728b)
Start importing Assets/Models/Lighthouse/lighthouse.jpg using Guid(62bf925cb9d8e8b4d858fda60f4899a7) Importer(815301076,1909f56bfc062723c751e8b465ee728b)  -> (artifact id: '3282670af5615f41dba0fa717ff74734') in 0.009220 seconds 
  Import took 0.011971 seconds .

========================================================================
Received Import Request.
  Time since last request: 42.914188 seconds.
  path: Assets/Models/Factory
  artifactKey: Guid(5ee02fcb376fb0443843efbfa9880be3) Importer(815301076,1909f56bfc062723c751e8b465ee728b)
Start importing Assets/Models/Factory using Guid(5ee02fcb376fb0443843efbfa9880be3) Importer(815301076,1909f56bfc062723c751e8b465ee728b)  -> (artifact id: 'af754a240a0ddf8034727527441693ca') in 0.006447 seconds 
  Import took 0.009170 seconds .

========================================================================
Received Prepare
Registering precompiled user dll's ...
Registered in 0.126934 seconds.
Begin MonoManager ReloadAssembly
Native extension for WindowsStandalone target not found
Native extension for WebGL target not found
Refreshing native plugins compatible for Editor in 0.48 ms, found 2 plugins.
Preloading 0 native plugins for Editor in 0.00 ms.
Mono: successfully reloaded assembly
- Completed reload, in  0.918 seconds
Domain Reload Profiling:
	ReloadAssembly (918ms)
		BeginReloadAssembly (115ms)
			ExecutionOrderSort (0ms)
			DisableScriptedObjects (4ms)
			BackupInstance (0ms)
			ReleaseScriptingObjects (0ms)
			CreateAndSetChildDomain (41ms)
		EndReloadAssembly (737ms)
			LoadAssemblies (79ms)
			RebuildTransferFunctionScriptingTraits (0ms)
			SetupTypeCache (255ms)
			ReleaseScriptCaches (1ms)
			RebuildScriptCaches (38ms)
			SetupLoadedEditorAssemblies (256ms)
				LogAssemblyErrors (0ms)
				InitializePlatformSupportModulesInManaged (5ms)
				SetLoadedEditorAssemblies (0ms)
				RefreshPlugins (1ms)
				BeforeProcessingInitializeOnLoad (79ms)
				ProcessInitializeOnLoadAttributes (157ms)
				ProcessInitializeOnLoadMethodAttributes (8ms)
				AfterProcessingInitializeOnLoad (6ms)
				EditorAssembliesLoaded (0ms)
			ExecutionOrderSort2 (0ms)
			AwakeInstancesAfterBackupRestoration (6ms)
Platform modules already initialized, skipping
Switching build target platform(19) subTarget(0) extendedPlatform(0) -> platform(13) subTarget(537395200) extendedPlatform(0)
Refreshing native plugins compatible for Editor in 0.46 ms, found 2 plugins.
Preloading 0 native plugins for Editor in 0.00 ms.
Unloading 1600 Unused Serialized files (Serialized files now loaded: 0)
System memory in use before: 74.7 MB.
System memory in use after: 74.8 MB.

Unloading 27 unused Assets to reduce memory usage. Loaded Objects now: 2068.
Total: 3.098500 ms (FindLiveObjects: 0.203000 ms CreateObjectMapping: 0.070800 ms MarkObjects: 2.800500 ms  DeleteObjects: 0.022600 ms)

AssetImportParameters requested are different than current active one (requested -> active):
  custom:framework-win-MediaFoundation: 216162199b28c13a410421893ffa2e32 -> 
  custom:video-decoder-ogg-theora: a1e56fd34408186e4bbccfd4996cb3dc -> 
  custom:container-muxer-webm: aa71ff27fc2769a1b78a27578f13a17b -> 
  custom:container-demuxer-webm: 4f35f7cbe854078d1ac9338744f61a02 -> 
  custom:container-demuxer-ogg: 62fdf1f143b41e24485cea50d1cbac27 -> 
  custom:video-encoder-webm-vp8: eb34c28f22e8b96e1ab97ce403110664 -> 
  custom:video-codec-MediaFoundation-h265: 746d11721c4dcdbdad8f713fa42b33f4 -> 
  custom:video-decoder-webm-vp8: 9c59270c3fd7afecdb556c50c9e8de78 -> 
  custom:graphics/normal-map-encoding: 01000000000000000000000000000000 -> 02000000000000000000000000000000
  custom:audio-decoder-ogg-vorbis: bf7c407c2cedff20999df2af8eb42d56 -> 
  custom:audio-encoder-webm-vorbis: bf7c407c2cedff20999df2af8eb42d56 -> 
========================================================================
Received Import Request.
  Time since last request: 125.745994 seconds.
  path: Assets/Models/Factory/tex_Factory.png
  artifactKey: Guid(bbc4868d6761e6b47a3dbd1f2278445b) Importer(815301076,1909f56bfc062723c751e8b465ee728b)
Start importing Assets/Models/Factory/tex_Factory.png using Guid(bbc4868d6761e6b47a3dbd1f2278445b) Importer(815301076,1909f56bfc062723c751e8b465ee728b)  -> (artifact id: '1e5c30e7b625676ec7de3d5775c334fc') in 0.031383 seconds 
  Import took 0.033930 seconds .

========================================================================
Received Import Request.
  Time since last request: 14.745825 seconds.
  path: Assets/Models/Factory/factory.mat
  artifactKey: Guid(397795826be3dd849bbef9f8ae86fcc6) Importer(815301076,1909f56bfc062723c751e8b465ee728b)
Start importing Assets/Models/Factory/factory.mat using Guid(397795826be3dd849bbef9f8ae86fcc6) Importer(815301076,1909f56bfc062723c751e8b465ee728b)  -> (artifact id: '38ed504d76a055fc1b5baae31c8fad77') in 0.274514 seconds 
  Import took 0.277385 seconds .

========================================================================
Received Import Request.
  Time since last request: 52.512281 seconds.
  path: Assets/Models/Factory/factory.fbx
  artifactKey: Guid(b9bb6dd08be984744922b3fc330a250c) Importer(815301076,1909f56bfc062723c751e8b465ee728b)
Start importing Assets/Models/Factory/factory.fbx using Guid(b9bb6dd08be984744922b3fc330a250c) Importer(815301076,1909f56bfc062723c751e8b465ee728b)  -> (artifact id: 'ac99c908f40fb0ec4c5940e32ee9bc64') in 0.078190 seconds 
  Import took 0.081791 seconds .

========================================================================
Received Import Request.
  Time since last request: 36.769978 seconds.
  path: Assets/Models/Factory/factory.fbx
  artifactKey: Guid(b9bb6dd08be984744922b3fc330a250c) Importer(815301076,1909f56bfc062723c751e8b465ee728b)
Start importing Assets/Models/Factory/factory.fbx using Guid(b9bb6dd08be984744922b3fc330a250c) Importer(815301076,1909f56bfc062723c751e8b465ee728b)  -> (artifact id: 'c477dbfcb5c4e5af3c08da45f6c27ec8') in 0.056427 seconds 
  Import took 0.059346 seconds .

========================================================================
Received Import Request.
  Time since last request: 20.945957 seconds.
  path: Assets/Models/Factory/tex_Factory.png
  artifactKey: Guid(bbc4868d6761e6b47a3dbd1f2278445b) Importer(815301076,1909f56bfc062723c751e8b465ee728b)
Start importing Assets/Models/Factory/tex_Factory.png using Guid(bbc4868d6761e6b47a3dbd1f2278445b) Importer(815301076,1909f56bfc062723c751e8b465ee728b)  -> (artifact id: '079ea4d1cce4c4e58c91f4c87378a790') in 0.009509 seconds 
  Import took 0.012150 seconds .

========================================================================
Received Prepare
Registering precompiled user dll's ...
Registered in 0.002771 seconds.
Begin MonoManager ReloadAssembly
Native extension for WindowsStandalone target not found
Native extension for WebGL target not found
Refreshing native plugins compatible for Editor in 0.49 ms, found 2 plugins.
Preloading 0 native plugins for Editor in 0.00 ms.
Mono: successfully reloaded assembly
- Completed reload, in  0.891 seconds
Domain Reload Profiling:
	ReloadAssembly (891ms)
		BeginReloadAssembly (99ms)
			ExecutionOrderSort (0ms)
			DisableScriptedObjects (4ms)
			BackupInstance (0ms)
			ReleaseScriptingObjects (0ms)
			CreateAndSetChildDomain (30ms)
		EndReloadAssembly (734ms)
			LoadAssemblies (80ms)
			RebuildTransferFunctionScriptingTraits (0ms)
			SetupTypeCache (254ms)
			ReleaseScriptCaches (1ms)
			RebuildScriptCaches (36ms)
			SetupLoadedEditorAssemblies (260ms)
				LogAssemblyErrors (0ms)
				InitializePlatformSupportModulesInManaged (5ms)
				SetLoadedEditorAssemblies (0ms)
				RefreshPlugins (1ms)
				BeforeProcessingInitializeOnLoad (79ms)
				ProcessInitializeOnLoadAttributes (161ms)
				ProcessInitializeOnLoadMethodAttributes (8ms)
				AfterProcessingInitializeOnLoad (6ms)
				EditorAssembliesLoaded (0ms)
			ExecutionOrderSort2 (0ms)
			AwakeInstancesAfterBackupRestoration (6ms)
Platform modules already initialized, skipping
Switching build target platform(19) subTarget(0) extendedPlatform(0) -> platform(13) subTarget(537395200) extendedPlatform(0)
Refreshing native plugins compatible for Editor in 0.46 ms, found 2 plugins.
Preloading 0 native plugins for Editor in 0.00 ms.
Unloading 1600 Unused Serialized files (Serialized files now loaded: 0)
System memory in use before: 74.8 MB.
System memory in use after: 74.9 MB.

Unloading 27 unused Assets to reduce memory usage. Loaded Objects now: 2072.
Total: 2.976000 ms (FindLiveObjects: 0.273200 ms CreateObjectMapping: 0.095100 ms MarkObjects: 2.584400 ms  DeleteObjects: 0.021000 ms)

AssetImportParameters requested are different than current active one (requested -> active):
  custom:framework-win-MediaFoundation: 216162199b28c13a410421893ffa2e32 -> 
  custom:video-decoder-ogg-theora: a1e56fd34408186e4bbccfd4996cb3dc -> 
  custom:container-muxer-webm: aa71ff27fc2769a1b78a27578f13a17b -> 
  custom:container-demuxer-webm: 4f35f7cbe854078d1ac9338744f61a02 -> 
  custom:container-demuxer-ogg: 62fdf1f143b41e24485cea50d1cbac27 -> 
  custom:video-encoder-webm-vp8: eb34c28f22e8b96e1ab97ce403110664 -> 
  custom:video-codec-MediaFoundation-h265: 746d11721c4dcdbdad8f713fa42b33f4 -> 
  custom:video-decoder-webm-vp8: 9c59270c3fd7afecdb556c50c9e8de78 -> 
  custom:graphics/normal-map-encoding: 01000000000000000000000000000000 -> 02000000000000000000000000000000
  custom:audio-decoder-ogg-vorbis: bf7c407c2cedff20999df2af8eb42d56 -> 
  custom:audio-encoder-webm-vorbis: bf7c407c2cedff20999df2af8eb42d56 -> 
========================================================================
Received Import Request.
  Time since last request: 96.151814 seconds.
  path: Assets/Models/Factory/tex_Factory.png
  artifactKey: Guid(bbc4868d6761e6b47a3dbd1f2278445b) Importer(815301076,1909f56bfc062723c751e8b465ee728b)
Start importing Assets/Models/Factory/tex_Factory.png using Guid(bbc4868d6761e6b47a3dbd1f2278445b) Importer(815301076,1909f56bfc062723c751e8b465ee728b)  -> (artifact id: 'c37431cb34eb0442d13fa60c0c8b707b') in 0.030994 seconds 
  Import took 0.034014 seconds .

========================================================================
Received Import Request.
  Time since last request: 4.024610 seconds.
  path: Assets/Models/Factory/tex_Factory.png
  artifactKey: Guid(bbc4868d6761e6b47a3dbd1f2278445b) Importer(815301076,1909f56bfc062723c751e8b465ee728b)
Start importing Assets/Models/Factory/tex_Factory.png using Guid(bbc4868d6761e6b47a3dbd1f2278445b) Importer(815301076,1909f56bfc062723c751e8b465ee728b)  -> (artifact id: '8c85f46e9baa55aea2ec764f0347d0f0') in 0.006593 seconds 
  Import took 0.009590 seconds .

========================================================================
Received Import Request.
  Time since last request: 7.431103 seconds.
  path: Assets/Models/Factory/tex_Factory.png
  artifactKey: Guid(bbc4868d6761e6b47a3dbd1f2278445b) Importer(815301076,1909f56bfc062723c751e8b465ee728b)
Start importing Assets/Models/Factory/tex_Factory.png using Guid(bbc4868d6761e6b47a3dbd1f2278445b) Importer(815301076,1909f56bfc062723c751e8b465ee728b)  -> (artifact id: '6f3eff9efdccb0859b58b4f8ce49ad9c') in 0.006162 seconds 
  Import took 0.009572 seconds .

========================================================================
Received Import Request.
  Time since last request: 22.680562 seconds.
  path: Assets/Models/Factory/tex_Factory.png
  artifactKey: Guid(bbc4868d6761e6b47a3dbd1f2278445b) Importer(815301076,1909f56bfc062723c751e8b465ee728b)
Start importing Assets/Models/Factory/tex_Factory.png using Guid(bbc4868d6761e6b47a3dbd1f2278445b) Importer(815301076,1909f56bfc062723c751e8b465ee728b)  -> (artifact id: 'ee2baf3ab8da1b176586a519ba872c20') in 0.007732 seconds 
  Import took 0.010420 seconds .

========================================================================
Received Import Request.
  Time since last request: 4.165104 seconds.
  path: Assets/Models/Factory/tex_Factory.png
  artifactKey: Guid(bbc4868d6761e6b47a3dbd1f2278445b) Importer(815301076,1909f56bfc062723c751e8b465ee728b)
Start importing Assets/Models/Factory/tex_Factory.png using Guid(bbc4868d6761e6b47a3dbd1f2278445b) Importer(815301076,1909f56bfc062723c751e8b465ee728b)  -> (artifact id: '68ea3fc34a1ab9de0ddf99813de6e6af') in 0.009321 seconds 
  Import took 0.011923 seconds .

========================================================================
Received Import Request.
  Time since last request: 3.620016 seconds.
  path: Assets/Models/Factory/tex_Factory.png
  artifactKey: Guid(bbc4868d6761e6b47a3dbd1f2278445b) Importer(815301076,1909f56bfc062723c751e8b465ee728b)
Start importing Assets/Models/Factory/tex_Factory.png using Guid(bbc4868d6761e6b47a3dbd1f2278445b) Importer(815301076,1909f56bfc062723c751e8b465ee728b)  -> (artifact id: '9f321828c455f50dd56864d74eff5f91') in 0.009500 seconds 
  Import took 0.012535 seconds .

========================================================================
Received Import Request.
  Time since last request: 3.802318 seconds.
  path: Assets/Models/Factory/tex_Factory.png
  artifactKey: Guid(bbc4868d6761e6b47a3dbd1f2278445b) Importer(815301076,1909f56bfc062723c751e8b465ee728b)
Start importing Assets/Models/Factory/tex_Factory.png using Guid(bbc4868d6761e6b47a3dbd1f2278445b) Importer(815301076,1909f56bfc062723c751e8b465ee728b)  -> (artifact id: '7abdb679ae02233d68bea08e74818bf0') in 0.017938 seconds 
  Import took 0.020711 seconds .

========================================================================
Received Import Request.
  Time since last request: 3.107421 seconds.
  path: Assets/Models/Factory/tex_Factory.png
  artifactKey: Guid(bbc4868d6761e6b47a3dbd1f2278445b) Importer(815301076,1909f56bfc062723c751e8b465ee728b)
Start importing Assets/Models/Factory/tex_Factory.png using Guid(bbc4868d6761e6b47a3dbd1f2278445b) Importer(815301076,1909f56bfc062723c751e8b465ee728b)  -> (artifact id: 'b8807934ba16c5b97c50898a1a8b0f4f') in 0.009042 seconds 
  Import took 0.011581 seconds .

========================================================================
Received Import Request.
  Time since last request: 4.542944 seconds.
  path: Assets/Models/Factory/tex_Factory.png
  artifactKey: Guid(bbc4868d6761e6b47a3dbd1f2278445b) Importer(815301076,1909f56bfc062723c751e8b465ee728b)
Start importing Assets/Models/Factory/tex_Factory.png using Guid(bbc4868d6761e6b47a3dbd1f2278445b) Importer(815301076,1909f56bfc062723c751e8b465ee728b)  -> (artifact id: '22981c1c4597e1bf939e28ca573b7135') in 0.012831 seconds 
  Import took 0.015376 seconds .

========================================================================
Received Import Request.
  Time since last request: 8.433453 seconds.
  path: Assets/Models/Factory/tex_Factory.png
  artifactKey: Guid(bbc4868d6761e6b47a3dbd1f2278445b) Importer(815301076,1909f56bfc062723c751e8b465ee728b)
Start importing Assets/Models/Factory/tex_Factory.png using Guid(bbc4868d6761e6b47a3dbd1f2278445b) Importer(815301076,1909f56bfc062723c751e8b465ee728b)  -> (artifact id: '2df2bed5649b91db610f51642980f0a3') in 0.007286 seconds 
  Import took 0.010282 seconds .

========================================================================
Received Import Request.
  Time since last request: 5.024971 seconds.
  path: Assets/Models/Factory/tex_Factory.png
  artifactKey: Guid(bbc4868d6761e6b47a3dbd1f2278445b) Importer(815301076,1909f56bfc062723c751e8b465ee728b)
Start importing Assets/Models/Factory/tex_Factory.png using Guid(bbc4868d6761e6b47a3dbd1f2278445b) Importer(815301076,1909f56bfc062723c751e8b465ee728b)  -> (artifact id: '19210bcaa02b180266e58c6c0cc326fd') in 0.009089 seconds 
  Import took 0.011727 seconds .

========================================================================
Received Import Request.
  Time since last request: 2.925012 seconds.
  path: Assets/Models/Factory/tex_Factory.png
  artifactKey: Guid(bbc4868d6761e6b47a3dbd1f2278445b) Importer(815301076,1909f56bfc062723c751e8b465ee728b)
Start importing Assets/Models/Factory/tex_Factory.png using Guid(bbc4868d6761e6b47a3dbd1f2278445b) Importer(815301076,1909f56bfc062723c751e8b465ee728b)  -> (artifact id: '305e68fd8830d993ffb155f5173d4345') in 0.010783 seconds 
  Import took 0.014329 seconds .

========================================================================
Received Import Request.
  Time since last request: 6.984098 seconds.
  path: Assets/Models/Factory/tex_Factory.png
  artifactKey: Guid(bbc4868d6761e6b47a3dbd1f2278445b) Importer(815301076,1909f56bfc062723c751e8b465ee728b)
Start importing Assets/Models/Factory/tex_Factory.png using Guid(bbc4868d6761e6b47a3dbd1f2278445b) Importer(815301076,1909f56bfc062723c751e8b465ee728b)  -> (artifact id: '774dd8ca63a44a0c58627e3a8b58cb46') in 0.009953 seconds 
  Import took 0.013356 seconds .

========================================================================
Received Import Request.
  Time since last request: 10.827577 seconds.
  path: Assets/Models/Factory/tex_Factory.png
  artifactKey: Guid(bbc4868d6761e6b47a3dbd1f2278445b) Importer(815301076,1909f56bfc062723c751e8b465ee728b)
Start importing Assets/Models/Factory/tex_Factory.png using Guid(bbc4868d6761e6b47a3dbd1f2278445b) Importer(815301076,1909f56bfc062723c751e8b465ee728b)  -> (artifact id: '5fa893f7aa1e00bd7ed72cd55b5f4aa6') in 0.014983 seconds 
  Import took 0.017651 seconds .

========================================================================
Received Import Request.
  Time since last request: 10.730753 seconds.
  path: Assets/Models/Factory/tex_Factory.png
  artifactKey: Guid(bbc4868d6761e6b47a3dbd1f2278445b) Importer(815301076,1909f56bfc062723c751e8b465ee728b)
Start importing Assets/Models/Factory/tex_Factory.png using Guid(bbc4868d6761e6b47a3dbd1f2278445b) Importer(815301076,1909f56bfc062723c751e8b465ee728b)  -> (artifact id: '27af2a95e8fa8fd1067004a08d6e9ed5') in 0.006510 seconds 
  Import took 0.009206 seconds .

========================================================================
Received Import Request.
  Time since last request: 5.944142 seconds.
  path: Assets/Models/Factory/tex_Factory.png
  artifactKey: Guid(bbc4868d6761e6b47a3dbd1f2278445b) Importer(815301076,1909f56bfc062723c751e8b465ee728b)
Start importing Assets/Models/Factory/tex_Factory.png using Guid(bbc4868d6761e6b47a3dbd1f2278445b) Importer(815301076,1909f56bfc062723c751e8b465ee728b)  -> (artifact id: '997b14232a7513ef3ecfcc1dc7c5024f') in 0.006353 seconds 
  Import took 0.009083 seconds .

========================================================================
Received Import Request.
  Time since last request: 4.524335 seconds.
  path: Assets/Models/Factory/tex_Factory.png
  artifactKey: Guid(bbc4868d6761e6b47a3dbd1f2278445b) Importer(815301076,1909f56bfc062723c751e8b465ee728b)
Start importing Assets/Models/Factory/tex_Factory.png using Guid(bbc4868d6761e6b47a3dbd1f2278445b) Importer(815301076,1909f56bfc062723c751e8b465ee728b)  -> (artifact id: '56b093a4fdbb4e3065b63cfc41390807') in 0.006770 seconds 
  Import took 0.009628 seconds .

========================================================================
Received Import Request.
  Time since last request: 6.335056 seconds.
  path: Assets/Models/Factory/tex_Factory.png
  artifactKey: Guid(bbc4868d6761e6b47a3dbd1f2278445b) Importer(815301076,1909f56bfc062723c751e8b465ee728b)
Start importing Assets/Models/Factory/tex_Factory.png using Guid(bbc4868d6761e6b47a3dbd1f2278445b) Importer(815301076,1909f56bfc062723c751e8b465ee728b)  -> (artifact id: 'eee3e87be208571b52eebe63cb39835c') in 0.010204 seconds 
  Import took 0.012779 seconds .

========================================================================
Received Import Request.
  Time since last request: 6.974795 seconds.
  path: Assets/Models/Factory/tex_Factory.png
  artifactKey: Guid(bbc4868d6761e6b47a3dbd1f2278445b) Importer(815301076,1909f56bfc062723c751e8b465ee728b)
Start importing Assets/Models/Factory/tex_Factory.png using Guid(bbc4868d6761e6b47a3dbd1f2278445b) Importer(815301076,1909f56bfc062723c751e8b465ee728b)  -> (artifact id: '19b83c0cfa25fe7edd5f9fd1a95f42c9') in 0.008829 seconds 
  Import took 0.011452 seconds .

========================================================================
Received Import Request.
  Time since last request: 20.394384 seconds.
  path: Assets/Models/Factory/tex_Factory.png
  artifactKey: Guid(bbc4868d6761e6b47a3dbd1f2278445b) Importer(815301076,1909f56bfc062723c751e8b465ee728b)
Start importing Assets/Models/Factory/tex_Factory.png using Guid(bbc4868d6761e6b47a3dbd1f2278445b) Importer(815301076,1909f56bfc062723c751e8b465ee728b)  -> (artifact id: 'c75e8288ca6ffb27bdfdaf5c48a10874') in 0.006128 seconds 
  Import took 0.009187 seconds .

========================================================================
Received Import Request.
  Time since last request: 21.575587 seconds.
  path: Assets/Models/Factory/tex_Factory.png
  artifactKey: Guid(bbc4868d6761e6b47a3dbd1f2278445b) Importer(815301076,1909f56bfc062723c751e8b465ee728b)
Start importing Assets/Models/Factory/tex_Factory.png using Guid(bbc4868d6761e6b47a3dbd1f2278445b) Importer(815301076,1909f56bfc062723c751e8b465ee728b)  -> (artifact id: 'ed4c75d2bd9b4f26ca284eda1b903c9e') in 0.029528 seconds 
  Import took 0.032714 seconds .

========================================================================
Received Import Request.
  Time since last request: 8.641262 seconds.
  path: Assets/Models/Factory/tex_Factory.png
  artifactKey: Guid(bbc4868d6761e6b47a3dbd1f2278445b) Importer(815301076,1909f56bfc062723c751e8b465ee728b)
Start importing Assets/Models/Factory/tex_Factory.png using Guid(bbc4868d6761e6b47a3dbd1f2278445b) Importer(815301076,1909f56bfc062723c751e8b465ee728b)  -> (artifact id: '899c7a30363402b2c321ddc98c360d38') in 0.009548 seconds 
  Import took 0.012136 seconds .

========================================================================
Received Import Request.
  Time since last request: 3.260334 seconds.
  path: Assets/Models/Factory/tex_Factory.png
  artifactKey: Guid(bbc4868d6761e6b47a3dbd1f2278445b) Importer(815301076,1909f56bfc062723c751e8b465ee728b)
Start importing Assets/Models/Factory/tex_Factory.png using Guid(bbc4868d6761e6b47a3dbd1f2278445b) Importer(815301076,1909f56bfc062723c751e8b465ee728b)  -> (artifact id: '6e9d0f279fa47af30736b1acb3219038') in 0.009255 seconds 
  Import took 0.011960 seconds .

AssetImportWorkerClient::OnTransportError - code=2 error=End of file
